[2025-03-22 10:00:16.200] [info] AbstractTool  loading model D:\Documents\Work\RRA\Residual_Reduction_Algorithm\ModelScaledMarkerAdj.osim
[2025-03-22 10:02:27.550] [info] AbstractTool  loading model D:\Documents\Work\RRA\Residual_Reduction_Algorithm\file_prepared\ModelScaledMarkerAdj.osim
[2025-03-22 10:02:27.570] [info] Loaded model scaled from file D:\Documents\Work\RRA\Residual_Reduction_Algorithm\file_prepared\ModelScaledMarkerAdj.osim
[2025-03-22 10:02:27.571] [warning] Couldn't find file 'treadmill.vtp'.
[2025-03-22 10:02:27.571] [warning] Couldn't find file 'sacrum.vtp'.
[2025-03-22 10:02:27.571] [warning] Couldn't find file 'pelvis.vtp'.
[2025-03-22 10:02:27.571] [warning] Couldn't find file 'l_pelvis.vtp'.
[2025-03-22 10:02:27.590] [warning] Couldn't find file 'femur_r.vtp'.
[2025-03-22 10:02:27.590] [warning] Couldn't find file 'tibia_r.vtp'.
[2025-03-22 10:02:27.590] [warning] Couldn't find file 'fibula.vtp'.
[2025-03-22 10:02:27.590] [warning] Couldn't find file 'talus.vtp'.
[2025-03-22 10:02:27.590] [warning] Couldn't find file 'foot.vtp'.
[2025-03-22 10:02:27.590] [warning] Couldn't find file 'bofoot.vtp'.
[2025-03-22 10:02:27.590] [warning] Couldn't find file 'femur_l.vtp'.
[2025-03-22 10:02:27.590] [warning] Couldn't find file 'tibia_l.vtp'.
[2025-03-22 10:02:27.590] [warning] Couldn't find file 'l_fibula.vtp'.
[2025-03-22 10:02:27.590] [warning] Couldn't find file 'l_talus.vtp'.
[2025-03-22 10:02:27.590] [warning] Couldn't find file 'l_foot.vtp'.
[2025-03-22 10:02:27.590] [warning] Couldn't find file 'l_bofoot.vtp'.
[2025-03-22 10:02:27.590] [warning] Couldn't find file 'hat_spine.vtp'.
[2025-03-22 10:02:27.590] [warning] Couldn't find file 'hat_jaw.vtp'.
[2025-03-22 10:02:27.591] [warning] Couldn't find file 'hat_skull.vtp'.
[2025-03-22 10:02:27.591] [warning] Couldn't find file 'hat_ribs.vtp'.
[2025-03-22 10:02:27.598] [info] Adding force object set from D:\Documents\Work\RRA\Residual_Reduction_Algorithm\file_prepared\subj01_acl_RRA_Actuators-ie.xml
[2025-03-22 10:02:27.599] [info] Running tool subject.
[2025-03-22 10:02:27.602] [info] 	taskSet size = 27.
[2025-03-22 10:02:27.603] [error] IO.OpenInputFile(const string&,openmode mode): failed to open D:\Documents\Work\RRA\dingzhejin_30DJ0001_grf.mot.
[2025-03-22 10:02:27.603] [error] Failed to read ExternalLoads data file 'D:\Documents\Work\RRA\dingzhejin_30DJ0001_grf.mot'.
[2025-03-22 10:02:55.633] [info] AbstractTool  loading model D:\Documents\Work\RRA\Residual_Reduction_Algorithm\file_prepared\ModelScaledMarkerAdj.osim
[2025-03-22 10:02:55.651] [info] Loaded model scaled from file D:\Documents\Work\RRA\Residual_Reduction_Algorithm\file_prepared\ModelScaledMarkerAdj.osim
[2025-03-22 10:02:55.652] [warning] Couldn't find file 'treadmill.vtp'.
[2025-03-22 10:02:55.652] [warning] Couldn't find file 'sacrum.vtp'.
[2025-03-22 10:02:55.652] [warning] Couldn't find file 'pelvis.vtp'.
[2025-03-22 10:02:55.652] [warning] Couldn't find file 'l_pelvis.vtp'.
[2025-03-22 10:02:55.652] [warning] Couldn't find file 'femur_r.vtp'.
[2025-03-22 10:02:55.652] [warning] Couldn't find file 'tibia_r.vtp'.
[2025-03-22 10:02:55.652] [warning] Couldn't find file 'fibula.vtp'.
[2025-03-22 10:02:55.652] [warning] Couldn't find file 'talus.vtp'.
[2025-03-22 10:02:55.652] [warning] Couldn't find file 'foot.vtp'.
[2025-03-22 10:02:55.652] [warning] Couldn't find file 'bofoot.vtp'.
[2025-03-22 10:02:55.652] [warning] Couldn't find file 'femur_l.vtp'.
[2025-03-22 10:02:55.652] [warning] Couldn't find file 'tibia_l.vtp'.
[2025-03-22 10:02:55.652] [warning] Couldn't find file 'l_fibula.vtp'.
[2025-03-22 10:02:55.652] [warning] Couldn't find file 'l_talus.vtp'.
[2025-03-22 10:02:55.652] [warning] Couldn't find file 'l_foot.vtp'.
[2025-03-22 10:02:55.652] [warning] Couldn't find file 'l_bofoot.vtp'.
[2025-03-22 10:02:55.652] [warning] Couldn't find file 'hat_spine.vtp'.
[2025-03-22 10:02:55.652] [warning] Couldn't find file 'hat_jaw.vtp'.
[2025-03-22 10:02:55.652] [warning] Couldn't find file 'hat_skull.vtp'.
[2025-03-22 10:02:55.652] [warning] Couldn't find file 'hat_ribs.vtp'.
[2025-03-22 10:02:55.658] [info] Adding force object set from D:\Documents\Work\RRA\Residual_Reduction_Algorithm\file_prepared\subj01_acl_RRA_Actuators-ie.xml
[2025-03-22 10:02:55.659] [info] Running tool subject.
[2025-03-22 10:02:55.661] [info] 	taskSet size = 27.
[2025-03-22 10:02:55.663] [info] Storage: read data file = D:\Documents\Work\RRA\Residual_Reduction_Algorithm\file_prepared\dingzhejin_30DJ0001_grf.mot (nr=28570 nc=19)
[2025-03-22 10:02:55.846] [info] ExternalForce::externalforce Data source being set to D:\Documents\paper\Opensim\Pipline\Result\dingzhejin\30DJ0001\original_data\dingzhejin_30DJ0001_grf.mot
[2025-03-22 10:02:55.846] [info] ExternalForce::externalforce_0 Data source being set to D:\Documents\paper\Opensim\Pipline\Result\dingzhejin\30DJ0001\original_data\dingzhejin_30DJ0001_grf.mot
[2025-03-22 10:02:55.857] [warning] A desired points file was not specified.
[2025-03-22 10:02:55.857] [info] Loading desired kinematics from file 'D:\Documents\Work\RRA\Residual_Reduction_Algorithm\file_prepared\IK_results_Left1.mot'...
[2025-03-22 10:02:55.857] [info] Storage: read data file = D:\Documents\Work\RRA\Residual_Reduction_Algorithm\file_prepared\IK_results_Left1.mot (nr=144 nc=28)
[2025-03-22 10:02:55.859] [info] Low-pass filtering desired kinematics with a cutoff frequency of 6.0...
[2025-03-22 10:02:55.866] [cout] [info] MODEL: scaled

numStates = 54
numCoordinates = 27
numSpeeds = 27
numActuators = 27
numBodies = 12
numConstraints = 0
numProbes = 0

ANALYSES (total: 0)

BODIES (total: 12)
body[0] = pelvis. mass: 8.57055
              moments of inertia:  ~[0.0698152,0.0591528,0.039322]
              products of inertia: ~[0,0,0]
body[1] = femur_r. mass: 6.76897
              moments of inertia:  ~[0.0988027,0.0258997,0.104189]
              products of inertia: ~[0,0,0]
body[2] = tibia_r. mass: 2.69808
              moments of inertia:  ~[0.0299905,0.00303475,0.030407]
              products of inertia: ~[0,0,0]
body[3] = talus_r. mass: 0.0727736
              moments of inertia:  ~[0.000567384,0.000567384,0.000567384]
              products of inertia: ~[0,0,0]
body[4] = calcn_r. mass: 0.90967
              moments of inertia:  ~[0.000794337,0.0022128,0.00232627]
              products of inertia: ~[0,0,0]
body[5] = toes_r. mass: 0.157628
              moments of inertia:  ~[5.67384e-05,0.000113477,5.67384e-05]
              products of inertia: ~[0,0,0]
body[6] = femur_l. mass: 6.76897
              moments of inertia:  ~[0.0988027,0.0258997,0.104189]
              products of inertia: ~[0,0,0]
body[7] = tibia_l. mass: 2.69808
              moments of inertia:  ~[0.0299905,0.00303475,0.030407]
              products of inertia: ~[0,0,0]
body[8] = talus_l. mass: 0.0727736
              moments of inertia:  ~[0.000567384,0.000567384,0.000567384]
              products of inertia: ~[0,0,0]
body[9] = calcn_l. mass: 0.90967
              moments of inertia:  ~[0.000794337,0.0022128,0.00232627]
              products of inertia: ~[0,0,0]
body[10] = toes_l. mass: 0.157628
              moments of inertia:  ~[5.67384e-05,0.000113477,5.67384e-05]
              products of inertia: ~[0,0,0]
body[11] = torso. mass: 24.9152
              moments of inertia:  ~[1.24726,0.639069,1.21081]
              products of inertia: ~[0,0,0]

JOINTS (total: 12)
joint[0] = ground_pelvis. parent: ground_offset, child: pelvis_offset
joint[1] = hip_r. parent: pelvis_offset, child: femur_r_offset
joint[2] = knee_r. parent: femur_r_offset, child: tibia_r_offset
joint[3] = ankle_r. parent: tibia_r_offset, child: talus_r_offset
joint[4] = subtalar_r. parent: talus_r_offset, child: calcn_r_offset
joint[5] = mtp_r. parent: calcn_r_offset, child: toes_r_offset
joint[6] = hip_l. parent: pelvis_offset, child: femur_l_offset
joint[7] = knee_l. parent: femur_l_offset, child: tibia_l_offset
joint[8] = ankle_l. parent: tibia_l_offset, child: talus_l_offset
joint[9] = subtalar_l. parent: talus_l_offset, child: calcn_l_offset
joint[10] = mtp_l. parent: calcn_l_offset, child: toes_l_offset
joint[11] = back. parent: pelvis_offset, child: torso_offset

ACTUATORS (total: 27)
actuator[0] = FX
actuator[1] = FY
actuator[2] = FZ
actuator[3] = MX
actuator[4] = MY
actuator[5] = MZ
actuator[6] = hip_flexion_r
actuator[7] = hip_adduction_r
actuator[8] = hip_rotation_r
actuator[9] = knee_angle_r
actuator[10] = knee_angle_r_ie
actuator[11] = knee_angle_r_vv
actuator[12] = ankle_angle_r
actuator[13] = subtalar_angle_r
actuator[14] = mtp_angle_r
actuator[15] = hip_flexion_l
actuator[16] = hip_adduction_l
actuator[17] = hip_rotation_l
actuator[18] = knee_angle_l
actuator[19] = knee_angle_l_ie
actuator[20] = knee_angle_l_vv
actuator[21] = ankle_angle_l
actuator[22] = subtalar_angle_l
actuator[23] = mtp_angle_l
actuator[24] = lumbar_extension
actuator[25] = lumbar_bending
actuator[26] = lumbar_rotation

STATES (total: 54)
y[0] = /jointset/ground_pelvis/pelvis_tilt/value
y[1] = /jointset/ground_pelvis/pelvis_tilt/speed
y[2] = /jointset/ground_pelvis/pelvis_list/value
y[3] = /jointset/ground_pelvis/pelvis_list/speed
y[4] = /jointset/ground_pelvis/pelvis_rotation/value
y[5] = /jointset/ground_pelvis/pelvis_rotation/speed
y[6] = /jointset/ground_pelvis/pelvis_tx/value
y[7] = /jointset/ground_pelvis/pelvis_tx/speed
y[8] = /jointset/ground_pelvis/pelvis_ty/value
y[9] = /jointset/ground_pelvis/pelvis_ty/speed
y[10] = /jointset/ground_pelvis/pelvis_tz/value
y[11] = /jointset/ground_pelvis/pelvis_tz/speed
y[12] = /jointset/hip_r/hip_flexion_r/value
y[13] = /jointset/hip_r/hip_flexion_r/speed
y[14] = /jointset/hip_r/hip_adduction_r/value
y[15] = /jointset/hip_r/hip_adduction_r/speed
y[16] = /jointset/hip_r/hip_rotation_r/value
y[17] = /jointset/hip_r/hip_rotation_r/speed
y[18] = /jointset/knee_r/knee_angle_r/value
y[19] = /jointset/knee_r/knee_angle_r/speed
y[20] = /jointset/knee_r/knee_angle_r_ie/value
y[21] = /jointset/knee_r/knee_angle_r_ie/speed
y[22] = /jointset/knee_r/knee_angle_r_vv/value
y[23] = /jointset/knee_r/knee_angle_r_vv/speed
y[24] = /jointset/ankle_r/ankle_angle_r/value
y[25] = /jointset/ankle_r/ankle_angle_r/speed
y[26] = /jointset/subtalar_r/subtalar_angle_r/value
y[27] = /jointset/subtalar_r/subtalar_angle_r/speed
y[28] = /jointset/mtp_r/mtp_angle_r/value
y[29] = /jointset/mtp_r/mtp_angle_r/speed
y[30] = /jointset/hip_l/hip_flexion_l/value
y[31] = /jointset/hip_l/hip_flexion_l/speed
y[32] = /jointset/hip_l/hip_adduction_l/value
y[33] = /jointset/hip_l/hip_adduction_l/speed
y[34] = /jointset/hip_l/hip_rotation_l/value
y[35] = /jointset/hip_l/hip_rotation_l/speed
y[36] = /jointset/knee_l/knee_angle_l/value
y[37] = /jointset/knee_l/knee_angle_l/speed
y[38] = /jointset/knee_l/knee_angle_l_ie/value
y[39] = /jointset/knee_l/knee_angle_l_ie/speed
y[40] = /jointset/knee_l/knee_angle_l_vv/value
y[41] = /jointset/knee_l/knee_angle_l_vv/speed
y[42] = /jointset/ankle_l/ankle_angle_l/value
y[43] = /jointset/ankle_l/ankle_angle_l/speed
y[44] = /jointset/subtalar_l/subtalar_angle_l/value
y[45] = /jointset/subtalar_l/subtalar_angle_l/speed
y[46] = /jointset/mtp_l/mtp_angle_l/value
y[47] = /jointset/mtp_l/mtp_angle_l/speed
y[48] = /jointset/back/lumbar_extension/value
y[49] = /jointset/back/lumbar_extension/speed
y[50] = /jointset/back/lumbar_bending/value
y[51] = /jointset/back/lumbar_bending/speed
y[52] = /jointset/back/lumbar_rotation/value
y[53] = /jointset/back/lumbar_rotation/speed

[2025-03-22 10:02:55.913] [info] Requested COM adjustment time range 0.81 to 1.3, clamped to nearest available data times: 0.81 to 1.3.
[2025-03-22 10:02:55.913] [info] Computing average residuals between 0.81 and 1.3...
[2025-03-22 10:02:55.921] [info] Storage: read data file = D:\Documents\Work\RRA\Residual_Reduction_Algorithm\file_prepared\dingzhejin_30DJ0001_grf.mot (nr=28570 nc=19)
[2025-03-22 10:02:56.100] [info] ExternalForce::externalforce Data source being set to D:\Documents\paper\Opensim\Pipline\Result\dingzhejin\30DJ0001\original_data\dingzhejin_30DJ0001_grf.mot
[2025-03-22 10:02:56.100] [info] ExternalForce::externalforce_0 Data source being set to D:\Documents\paper\Opensim\Pipline\Result\dingzhejin\30DJ0001\original_data\dingzhejin_30DJ0001_grf.mot
[2025-03-22 10:02:56.109] [info] Storage: read data file = D:\Documents\Work\RRA\Residual_Reduction_Algorithm\file_prepared\dingzhejin_30DJ0001_grf.mot (nr=28570 nc=19)
[2025-03-22 10:02:56.288] [info] ExternalForce::externalforce Data source being set to D:\Documents\paper\Opensim\Pipline\Result\dingzhejin\30DJ0001\original_data\dingzhejin_30DJ0001_grf.mot
[2025-03-22 10:02:56.288] [info] ExternalForce::externalforce_0 Data source being set to D:\Documents\paper\Opensim\Pipline\Result\dingzhejin\30DJ0001\original_data\dingzhejin_30DJ0001_grf.mot
[2025-03-22 10:02:57.701] [info] Storage: read data file = D:\Documents\Work\RRA\Residual_Reduction_Algorithm\file_prepared\dingzhejin_30DJ0001_grf.mot (nr=28570 nc=19)
[2025-03-22 10:02:57.885] [info] ExternalForce::externalforce Data source being set to D:\Documents\paper\Opensim\Pipline\Result\dingzhejin\30DJ0001\original_data\dingzhejin_30DJ0001_grf.mot
[2025-03-22 10:02:57.885] [info] ExternalForce::externalforce_0 Data source being set to D:\Documents\paper\Opensim\Pipline\Result\dingzhejin\30DJ0001\original_data\dingzhejin_30DJ0001_grf.mot
[2025-03-22 10:02:57.893] [info] Computing average residuals between 0.81 and 1.3...
[2025-03-22 10:02:57.901] [info] Storage: read data file = D:\Documents\Work\RRA\Residual_Reduction_Algorithm\file_prepared\dingzhejin_30DJ0001_grf.mot (nr=28570 nc=19)
[2025-03-22 10:02:58.085] [info] ExternalForce::externalforce Data source being set to D:\Documents\paper\Opensim\Pipline\Result\dingzhejin\30DJ0001\original_data\dingzhejin_30DJ0001_grf.mot
[2025-03-22 10:02:58.085] [info] ExternalForce::externalforce_0 Data source being set to D:\Documents\paper\Opensim\Pipline\Result\dingzhejin\30DJ0001\original_data\dingzhejin_30DJ0001_grf.mot
[2025-03-22 10:02:58.094] [info] Storage: read data file = D:\Documents\Work\RRA\Residual_Reduction_Algorithm\file_prepared\dingzhejin_30DJ0001_grf.mot (nr=28570 nc=19)
[2025-03-22 10:02:58.276] [info] ExternalForce::externalforce Data source being set to D:\Documents\paper\Opensim\Pipline\Result\dingzhejin\30DJ0001\original_data\dingzhejin_30DJ0001_grf.mot
[2025-03-22 10:02:58.276] [info] ExternalForce::externalforce_0 Data source being set to D:\Documents\paper\Opensim\Pipline\Result\dingzhejin\30DJ0001\original_data\dingzhejin_30DJ0001_grf.mot
[2025-03-22 10:02:59.731] [info] Constructing function set for tracking desired kinematics...
[2025-03-22 10:02:59.826] [warning] No Actuation analysis found in analysis set, adding one...
[2025-03-22 10:02:59.826] [warning] No Kinematics analysis found in analysis set, adding one...
[2025-03-22 10:02:59.830] [info] Using the generalized coordinates specified in 'D:\Documents\Work\RRA\Residual_Reduction_Algorithm\file_prepared\IK_results_Left1.mot' to set the initial configuration.
[2025-03-22 10:02:59.851] [info] Using IPOPT optimizer algorithm.
[2025-03-22 10:02:59.852] [info] Setting optimizer print level to 0.
[2025-03-22 10:02:59.852] [info] Setting optimizer convergence tolerance to 1.0e-05.
[2025-03-22 10:02:59.852] [info] Setting optimizer maximum iterations to 2000.
[2025-03-22 10:02:59.852] [info] Setting cmc controller to not use verbose printing.

[2025-03-22 10:02:59.852] [info] CMC::computeControls, t = 0.81
[2025-03-22 10:03:01.203] [info] --------------------------------------------
[2025-03-22 10:03:01.203] [info] Using CMC to track the specified kinematics:
[2025-03-22 10:03:01.203] [info] --------------------------------------------
[2025-03-22 10:03:01.203] [info]  -- Integrating from 0.81 to 1.3
[2025-03-22 10:03:01.203] [info]  -- Start time = Sat Mar 22 10:03:01 2025
[2025-03-22 10:03:01.203] [info] --------------------------------------------
[2025-03-22 10:03:01.203] [info] 
[2025-03-22 10:03:01.208] [info] CMC::computeControls, t = 0.81
[2025-03-22 10:03:01.215] [info] CMC::computeControls, t = 0.811
[2025-03-22 10:03:01.220] [info] CMC::computeControls, t = 0.812
[2025-03-22 10:03:01.226] [info] CMC::computeControls, t = 0.813
[2025-03-22 10:03:01.231] [info] CMC::computeControls, t = 0.814
[2025-03-22 10:03:01.237] [info] CMC::computeControls, t = 0.815
[2025-03-22 10:03:01.242] [info] CMC::computeControls, t = 0.816
[2025-03-22 10:03:01.247] [info] CMC::computeControls, t = 0.817
[2025-03-22 10:03:01.253] [info] CMC::computeControls, t = 0.818
[2025-03-22 10:03:01.258] [info] CMC::computeControls, t = 0.819
[2025-03-22 10:03:01.264] [info] CMC::computeControls, t = 0.82
[2025-03-22 10:03:01.269] [info] CMC::computeControls, t = 0.821
[2025-03-22 10:03:01.275] [info] CMC::computeControls, t = 0.822
[2025-03-22 10:03:01.280] [info] CMC::computeControls, t = 0.823
[2025-03-22 10:03:01.286] [info] CMC::computeControls, t = 0.824
[2025-03-22 10:03:01.291] [info] CMC::computeControls, t = 0.825
[2025-03-22 10:03:01.296] [info] CMC::computeControls, t = 0.826
[2025-03-22 10:03:01.302] [info] CMC::computeControls, t = 0.827
[2025-03-22 10:03:01.307] [info] CMC::computeControls, t = 0.828
[2025-03-22 10:03:01.312] [info] CMC::computeControls, t = 0.829
[2025-03-22 10:03:01.317] [info] CMC::computeControls, t = 0.83
[2025-03-22 10:03:01.322] [info] CMC::computeControls, t = 0.831
[2025-03-22 10:03:01.327] [info] CMC::computeControls, t = 0.832
[2025-03-22 10:03:01.332] [info] CMC::computeControls, t = 0.833
[2025-03-22 10:03:01.337] [info] CMC::computeControls, t = 0.834
[2025-03-22 10:03:01.342] [info] CMC::computeControls, t = 0.835
[2025-03-22 10:03:01.347] [info] CMC::computeControls, t = 0.836
[2025-03-22 10:03:01.353] [info] CMC::computeControls, t = 0.837
[2025-03-22 10:03:01.358] [info] CMC::computeControls, t = 0.838
[2025-03-22 10:03:01.363] [info] CMC::computeControls, t = 0.839
[2025-03-22 10:03:01.368] [info] CMC::computeControls, t = 0.84
[2025-03-22 10:03:01.373] [info] CMC::computeControls, t = 0.841
[2025-03-22 10:03:01.378] [info] CMC::computeControls, t = 0.842
[2025-03-22 10:03:01.383] [info] CMC::computeControls, t = 0.843
[2025-03-22 10:03:01.389] [info] CMC::computeControls, t = 0.844
[2025-03-22 10:03:01.394] [info] CMC::computeControls, t = 0.845
[2025-03-22 10:03:01.399] [info] CMC::computeControls, t = 0.846
[2025-03-22 10:03:01.404] [info] CMC::computeControls, t = 0.847
[2025-03-22 10:03:01.409] [info] CMC::computeControls, t = 0.848
[2025-03-22 10:03:01.414] [info] CMC::computeControls, t = 0.849
[2025-03-22 10:03:01.420] [info] CMC::computeControls, t = 0.85
[2025-03-22 10:03:01.425] [info] CMC::computeControls, t = 0.851
[2025-03-22 10:03:01.430] [info] CMC::computeControls, t = 0.852
[2025-03-22 10:03:01.435] [info] CMC::computeControls, t = 0.853
[2025-03-22 10:03:01.440] [info] CMC::computeControls, t = 0.854
[2025-03-22 10:03:01.445] [info] CMC::computeControls, t = 0.855
[2025-03-22 10:03:01.451] [info] CMC::computeControls, t = 0.856
[2025-03-22 10:03:01.456] [info] CMC::computeControls, t = 0.857
[2025-03-22 10:03:01.461] [info] CMC::computeControls, t = 0.858
[2025-03-22 10:03:01.467] [info] CMC::computeControls, t = 0.859
[2025-03-22 10:03:01.472] [info] CMC::computeControls, t = 0.86
[2025-03-22 10:03:01.477] [info] CMC::computeControls, t = 0.861
[2025-03-22 10:03:01.482] [info] CMC::computeControls, t = 0.862
[2025-03-22 10:03:01.487] [info] CMC::computeControls, t = 0.863
[2025-03-22 10:03:01.492] [info] CMC::computeControls, t = 0.864
[2025-03-22 10:03:01.497] [info] CMC::computeControls, t = 0.865
[2025-03-22 10:03:01.502] [info] CMC::computeControls, t = 0.866
[2025-03-22 10:03:01.507] [info] CMC::computeControls, t = 0.867
[2025-03-22 10:03:01.512] [info] CMC::computeControls, t = 0.868
[2025-03-22 10:03:01.517] [info] CMC::computeControls, t = 0.869
[2025-03-22 10:03:01.522] [info] CMC::computeControls, t = 0.87
[2025-03-22 10:03:01.527] [info] CMC::computeControls, t = 0.871
[2025-03-22 10:03:01.532] [info] CMC::computeControls, t = 0.872
[2025-03-22 10:03:01.536] [info] CMC::computeControls, t = 0.873
[2025-03-22 10:03:01.541] [info] CMC::computeControls, t = 0.874
[2025-03-22 10:03:01.546] [info] CMC::computeControls, t = 0.875
[2025-03-22 10:03:01.551] [info] CMC::computeControls, t = 0.876
[2025-03-22 10:03:01.556] [info] CMC::computeControls, t = 0.877
[2025-03-22 10:03:01.561] [info] CMC::computeControls, t = 0.878
[2025-03-22 10:03:01.566] [info] CMC::computeControls, t = 0.879
[2025-03-22 10:03:01.571] [info] CMC::computeControls, t = 0.88
[2025-03-22 10:03:01.576] [info] CMC::computeControls, t = 0.881
[2025-03-22 10:03:01.581] [info] CMC::computeControls, t = 0.882
[2025-03-22 10:03:01.586] [info] CMC::computeControls, t = 0.883
[2025-03-22 10:03:01.591] [info] CMC::computeControls, t = 0.884
[2025-03-22 10:03:01.596] [info] CMC::computeControls, t = 0.885
[2025-03-22 10:03:01.600] [info] CMC::computeControls, t = 0.886
[2025-03-22 10:03:01.605] [info] CMC::computeControls, t = 0.887
[2025-03-22 10:03:01.610] [info] CMC::computeControls, t = 0.888
[2025-03-22 10:03:01.615] [info] CMC::computeControls, t = 0.889
[2025-03-22 10:03:01.620] [info] CMC::computeControls, t = 0.89
[2025-03-22 10:03:01.625] [info] CMC::computeControls, t = 0.891
[2025-03-22 10:03:01.630] [info] CMC::computeControls, t = 0.892
[2025-03-22 10:03:01.635] [info] CMC::computeControls, t = 0.893
[2025-03-22 10:03:01.640] [info] CMC::computeControls, t = 0.894
[2025-03-22 10:03:01.645] [info] CMC::computeControls, t = 0.895
[2025-03-22 10:03:01.649] [info] CMC::computeControls, t = 0.896
[2025-03-22 10:03:01.654] [info] CMC::computeControls, t = 0.897
[2025-03-22 10:03:01.660] [info] CMC::computeControls, t = 0.898
[2025-03-22 10:03:01.664] [info] CMC::computeControls, t = 0.899
[2025-03-22 10:03:01.669] [info] CMC::computeControls, t = 0.9
[2025-03-22 10:03:01.675] [info] CMC::computeControls, t = 0.901000
[2025-03-22 10:03:01.679] [info] CMC::computeControls, t = 0.902000
[2025-03-22 10:03:01.684] [info] CMC::computeControls, t = 0.903000
[2025-03-22 10:03:01.690] [info] CMC::computeControls, t = 0.904000
[2025-03-22 10:03:01.694] [info] CMC::computeControls, t = 0.905000
[2025-03-22 10:03:01.699] [info] CMC::computeControls, t = 0.906000
[2025-03-22 10:03:01.704] [info] CMC::computeControls, t = 0.907000
[2025-03-22 10:03:01.709] [info] CMC::computeControls, t = 0.908000
[2025-03-22 10:03:01.714] [info] CMC::computeControls, t = 0.909000
[2025-03-22 10:03:01.719] [info] CMC::computeControls, t = 0.91
[2025-03-22 10:03:01.724] [info] CMC::computeControls, t = 0.911
[2025-03-22 10:03:01.729] [info] CMC::computeControls, t = 0.912
[2025-03-22 10:03:01.733] [info] CMC::computeControls, t = 0.913
[2025-03-22 10:03:01.738] [info] CMC::computeControls, t = 0.914
[2025-03-22 10:03:01.743] [info] CMC::computeControls, t = 0.915
[2025-03-22 10:03:01.747] [info] CMC::computeControls, t = 0.916
[2025-03-22 10:03:01.753] [info] CMC::computeControls, t = 0.917
[2025-03-22 10:03:01.758] [info] CMC::computeControls, t = 0.918
[2025-03-22 10:03:01.763] [info] CMC::computeControls, t = 0.919
[2025-03-22 10:03:01.768] [info] CMC::computeControls, t = 0.92
[2025-03-22 10:03:01.773] [info] CMC::computeControls, t = 0.921
[2025-03-22 10:03:01.778] [info] CMC::computeControls, t = 0.922
[2025-03-22 10:03:01.783] [info] CMC::computeControls, t = 0.923
[2025-03-22 10:03:01.789] [info] CMC::computeControls, t = 0.924
[2025-03-22 10:03:01.794] [info] CMC::computeControls, t = 0.925
[2025-03-22 10:03:01.799] [info] CMC::computeControls, t = 0.926
[2025-03-22 10:03:01.804] [info] CMC::computeControls, t = 0.927
[2025-03-22 10:03:01.809] [info] CMC::computeControls, t = 0.928
[2025-03-22 10:03:01.815] [info] CMC::computeControls, t = 0.929
[2025-03-22 10:03:01.820] [info] CMC::computeControls, t = 0.93
[2025-03-22 10:03:01.826] [info] CMC::computeControls, t = 0.931
[2025-03-22 10:03:01.831] [info] CMC::computeControls, t = 0.932
[2025-03-22 10:03:01.837] [info] CMC::computeControls, t = 0.933
[2025-03-22 10:03:01.842] [info] CMC::computeControls, t = 0.934
[2025-03-22 10:03:01.848] [info] CMC::computeControls, t = 0.935
[2025-03-22 10:03:01.853] [info] CMC::computeControls, t = 0.936
[2025-03-22 10:03:01.858] [info] CMC::computeControls, t = 0.937
[2025-03-22 10:03:01.864] [info] CMC::computeControls, t = 0.938
[2025-03-22 10:03:01.869] [info] CMC::computeControls, t = 0.939
[2025-03-22 10:03:01.873] [info] CMC::computeControls, t = 0.94
[2025-03-22 10:03:01.879] [info] CMC::computeControls, t = 0.941
[2025-03-22 10:03:01.884] [info] CMC::computeControls, t = 0.942
[2025-03-22 10:03:01.889] [info] CMC::computeControls, t = 0.943
[2025-03-22 10:03:01.894] [info] CMC::computeControls, t = 0.944
[2025-03-22 10:03:01.899] [info] CMC::computeControls, t = 0.945
[2025-03-22 10:03:01.904] [info] CMC::computeControls, t = 0.946
[2025-03-22 10:03:01.909] [info] CMC::computeControls, t = 0.947
[2025-03-22 10:03:01.914] [info] CMC::computeControls, t = 0.948
[2025-03-22 10:03:01.919] [info] CMC::computeControls, t = 0.949
[2025-03-22 10:03:01.924] [info] CMC::computeControls, t = 0.95
[2025-03-22 10:03:01.929] [info] CMC::computeControls, t = 0.951
[2025-03-22 10:03:01.935] [info] CMC::computeControls, t = 0.952
[2025-03-22 10:03:01.939] [info] CMC::computeControls, t = 0.953
[2025-03-22 10:03:01.945] [info] CMC::computeControls, t = 0.954
[2025-03-22 10:03:01.950] [info] CMC::computeControls, t = 0.955
[2025-03-22 10:03:01.955] [info] CMC::computeControls, t = 0.956
[2025-03-22 10:03:01.959] [info] CMC::computeControls, t = 0.957
[2025-03-22 10:03:01.964] [info] CMC::computeControls, t = 0.958
[2025-03-22 10:03:01.969] [info] CMC::computeControls, t = 0.959
[2025-03-22 10:03:01.974] [info] CMC::computeControls, t = 0.96
[2025-03-22 10:03:01.978] [info] CMC::computeControls, t = 0.961
[2025-03-22 10:03:01.983] [info] CMC::computeControls, t = 0.962
[2025-03-22 10:03:01.988] [info] CMC::computeControls, t = 0.963
[2025-03-22 10:03:01.993] [info] CMC::computeControls, t = 0.964
[2025-03-22 10:03:01.998] [info] CMC::computeControls, t = 0.965
[2025-03-22 10:03:02.003] [info] CMC::computeControls, t = 0.966
[2025-03-22 10:03:02.007] [info] CMC::computeControls, t = 0.967
[2025-03-22 10:03:02.012] [info] CMC::computeControls, t = 0.968
[2025-03-22 10:03:02.017] [info] CMC::computeControls, t = 0.969
[2025-03-22 10:03:02.022] [info] CMC::computeControls, t = 0.97
[2025-03-22 10:03:02.027] [info] CMC::computeControls, t = 0.971
[2025-03-22 10:03:02.032] [info] CMC::computeControls, t = 0.972
[2025-03-22 10:03:02.037] [info] CMC::computeControls, t = 0.973
[2025-03-22 10:03:02.042] [info] CMC::computeControls, t = 0.974
[2025-03-22 10:03:02.048] [info] CMC::computeControls, t = 0.975
[2025-03-22 10:03:02.053] [info] CMC::computeControls, t = 0.976
[2025-03-22 10:03:02.058] [info] CMC::computeControls, t = 0.977
[2025-03-22 10:03:02.063] [info] CMC::computeControls, t = 0.978
[2025-03-22 10:03:02.068] [info] CMC::computeControls, t = 0.979
[2025-03-22 10:03:02.073] [info] CMC::computeControls, t = 0.98
[2025-03-22 10:03:02.078] [info] CMC::computeControls, t = 0.981
[2025-03-22 10:03:02.083] [info] CMC::computeControls, t = 0.982
[2025-03-22 10:03:02.087] [info] CMC::computeControls, t = 0.983
[2025-03-22 10:03:02.092] [info] CMC::computeControls, t = 0.984
[2025-03-22 10:03:02.097] [info] CMC::computeControls, t = 0.985
[2025-03-22 10:03:02.103] [info] CMC::computeControls, t = 0.986
[2025-03-22 10:03:02.107] [info] CMC::computeControls, t = 0.987
[2025-03-22 10:03:02.112] [info] CMC::computeControls, t = 0.988
[2025-03-22 10:03:02.117] [info] CMC::computeControls, t = 0.989
[2025-03-22 10:03:02.121] [info] CMC::computeControls, t = 0.99
[2025-03-22 10:03:02.126] [info] CMC::computeControls, t = 0.991
[2025-03-22 10:03:02.131] [info] CMC::computeControls, t = 0.992
[2025-03-22 10:03:02.136] [info] CMC::computeControls, t = 0.993
[2025-03-22 10:03:02.140] [info] CMC::computeControls, t = 0.994
[2025-03-22 10:03:02.145] [info] CMC::computeControls, t = 0.995
[2025-03-22 10:03:02.150] [info] CMC::computeControls, t = 0.996
[2025-03-22 10:03:02.155] [info] CMC::computeControls, t = 0.997
[2025-03-22 10:03:02.159] [info] CMC::computeControls, t = 0.998
[2025-03-22 10:03:02.165] [info] CMC::computeControls, t = 0.999
[2025-03-22 10:03:02.169] [info] CMC::computeControls, t = 1.0
[2025-03-22 10:03:02.174] [info] CMC::computeControls, t = 1.00100
[2025-03-22 10:03:02.179] [info] CMC::computeControls, t = 1.00200
[2025-03-22 10:03:02.183] [info] CMC::computeControls, t = 1.00300
[2025-03-22 10:03:02.188] [info] CMC::computeControls, t = 1.00400
[2025-03-22 10:03:02.193] [info] CMC::computeControls, t = 1.00500
[2025-03-22 10:03:02.198] [info] CMC::computeControls, t = 1.00600
[2025-03-22 10:03:02.202] [info] CMC::computeControls, t = 1.00700
[2025-03-22 10:03:02.207] [info] CMC::computeControls, t = 1.00800
[2025-03-22 10:03:02.212] [info] CMC::computeControls, t = 1.00900
[2025-03-22 10:03:02.217] [info] CMC::computeControls, t = 1.01
[2025-03-22 10:03:02.222] [info] CMC::computeControls, t = 1.011
[2025-03-22 10:03:02.227] [info] CMC::computeControls, t = 1.012
[2025-03-22 10:03:02.232] [info] CMC::computeControls, t = 1.013
[2025-03-22 10:03:02.237] [info] CMC::computeControls, t = 1.014
[2025-03-22 10:03:02.243] [info] CMC::computeControls, t = 1.015
[2025-03-22 10:03:02.248] [info] CMC::computeControls, t = 1.016
[2025-03-22 10:03:02.252] [info] CMC::computeControls, t = 1.017
[2025-03-22 10:03:02.257] [info] CMC::computeControls, t = 1.018
[2025-03-22 10:03:02.262] [info] CMC::computeControls, t = 1.019
[2025-03-22 10:03:02.267] [info] CMC::computeControls, t = 1.02
[2025-03-22 10:03:02.272] [info] CMC::computeControls, t = 1.021
[2025-03-22 10:03:02.277] [info] CMC::computeControls, t = 1.022
[2025-03-22 10:03:02.281] [info] CMC::computeControls, t = 1.023
[2025-03-22 10:03:02.286] [info] CMC::computeControls, t = 1.024
[2025-03-22 10:03:02.291] [info] CMC::computeControls, t = 1.025
[2025-03-22 10:03:02.296] [info] CMC::computeControls, t = 1.026
[2025-03-22 10:03:02.300] [info] CMC::computeControls, t = 1.027
[2025-03-22 10:03:02.306] [info] CMC::computeControls, t = 1.028
[2025-03-22 10:03:02.311] [info] CMC::computeControls, t = 1.029
[2025-03-22 10:03:02.315] [info] CMC::computeControls, t = 1.03
[2025-03-22 10:03:02.320] [info] CMC::computeControls, t = 1.031
[2025-03-22 10:03:02.325] [info] CMC::computeControls, t = 1.032
[2025-03-22 10:03:02.330] [info] CMC::computeControls, t = 1.033
[2025-03-22 10:03:02.334] [info] CMC::computeControls, t = 1.034
[2025-03-22 10:03:02.339] [info] CMC::computeControls, t = 1.035
[2025-03-22 10:03:02.344] [info] CMC::computeControls, t = 1.036
[2025-03-22 10:03:02.349] [info] CMC::computeControls, t = 1.037
[2025-03-22 10:03:02.354] [info] CMC::computeControls, t = 1.038
[2025-03-22 10:03:02.359] [info] CMC::computeControls, t = 1.039
[2025-03-22 10:03:02.363] [info] CMC::computeControls, t = 1.04
[2025-03-22 10:03:02.368] [info] CMC::computeControls, t = 1.041
[2025-03-22 10:03:02.374] [info] CMC::computeControls, t = 1.042
[2025-03-22 10:03:02.378] [info] CMC::computeControls, t = 1.043
[2025-03-22 10:03:02.383] [info] CMC::computeControls, t = 1.044
[2025-03-22 10:03:02.388] [info] CMC::computeControls, t = 1.045
[2025-03-22 10:03:02.393] [info] CMC::computeControls, t = 1.046
[2025-03-22 10:03:02.399] [info] CMC::computeControls, t = 1.047
[2025-03-22 10:03:02.404] [info] CMC::computeControls, t = 1.048
[2025-03-22 10:03:02.408] [info] CMC::computeControls, t = 1.049
[2025-03-22 10:03:02.413] [info] CMC::computeControls, t = 1.05
[2025-03-22 10:03:02.418] [info] CMC::computeControls, t = 1.051
[2025-03-22 10:03:02.423] [info] CMC::computeControls, t = 1.052
[2025-03-22 10:03:02.428] [info] CMC::computeControls, t = 1.053
[2025-03-22 10:03:02.432] [info] CMC::computeControls, t = 1.054
[2025-03-22 10:03:02.437] [info] CMC::computeControls, t = 1.055
[2025-03-22 10:03:02.442] [info] CMC::computeControls, t = 1.056
[2025-03-22 10:03:02.447] [info] CMC::computeControls, t = 1.057
[2025-03-22 10:03:02.452] [info] CMC::computeControls, t = 1.058
[2025-03-22 10:03:02.456] [info] CMC::computeControls, t = 1.059
[2025-03-22 10:03:02.461] [info] CMC::computeControls, t = 1.06
[2025-03-22 10:03:02.466] [info] CMC::computeControls, t = 1.061
[2025-03-22 10:03:02.471] [info] CMC::computeControls, t = 1.062
[2025-03-22 10:03:02.475] [info] CMC::computeControls, t = 1.063
[2025-03-22 10:03:02.481] [info] CMC::computeControls, t = 1.064
[2025-03-22 10:03:02.486] [info] CMC::computeControls, t = 1.065
[2025-03-22 10:03:02.491] [info] CMC::computeControls, t = 1.066
[2025-03-22 10:03:02.495] [info] CMC::computeControls, t = 1.067
[2025-03-22 10:03:02.500] [info] CMC::computeControls, t = 1.068
[2025-03-22 10:03:02.505] [info] CMC::computeControls, t = 1.069
[2025-03-22 10:03:02.510] [info] CMC::computeControls, t = 1.07
[2025-03-22 10:03:02.515] [info] CMC::computeControls, t = 1.071
[2025-03-22 10:03:02.519] [info] CMC::computeControls, t = 1.072
[2025-03-22 10:03:02.524] [info] CMC::computeControls, t = 1.073
[2025-03-22 10:03:02.529] [info] CMC::computeControls, t = 1.074
[2025-03-22 10:03:02.534] [info] CMC::computeControls, t = 1.075
[2025-03-22 10:03:02.539] [info] CMC::computeControls, t = 1.076
[2025-03-22 10:03:02.543] [info] CMC::computeControls, t = 1.077
[2025-03-22 10:03:02.548] [info] CMC::computeControls, t = 1.078
[2025-03-22 10:03:02.553] [info] CMC::computeControls, t = 1.079
[2025-03-22 10:03:02.558] [info] CMC::computeControls, t = 1.08
[2025-03-22 10:03:02.563] [info] CMC::computeControls, t = 1.081
[2025-03-22 10:03:02.568] [info] CMC::computeControls, t = 1.082
[2025-03-22 10:03:02.572] [info] CMC::computeControls, t = 1.083
[2025-03-22 10:03:02.578] [info] CMC::computeControls, t = 1.084
[2025-03-22 10:03:02.582] [info] CMC::computeControls, t = 1.085
[2025-03-22 10:03:02.587] [info] CMC::computeControls, t = 1.086
[2025-03-22 10:03:02.592] [info] CMC::computeControls, t = 1.087
[2025-03-22 10:03:02.597] [info] CMC::computeControls, t = 1.088
[2025-03-22 10:03:02.601] [info] CMC::computeControls, t = 1.089
[2025-03-22 10:03:02.606] [info] CMC::computeControls, t = 1.09
[2025-03-22 10:03:02.611] [info] CMC::computeControls, t = 1.091
[2025-03-22 10:03:02.616] [info] CMC::computeControls, t = 1.092
[2025-03-22 10:03:02.621] [info] CMC::computeControls, t = 1.093
[2025-03-22 10:03:02.625] [info] CMC::computeControls, t = 1.094
[2025-03-22 10:03:02.630] [info] CMC::computeControls, t = 1.095
[2025-03-22 10:03:02.635] [info] CMC::computeControls, t = 1.096
[2025-03-22 10:03:02.640] [info] CMC::computeControls, t = 1.097
[2025-03-22 10:03:02.645] [info] CMC::computeControls, t = 1.098
[2025-03-22 10:03:02.649] [info] CMC::computeControls, t = 1.099
[2025-03-22 10:03:02.654] [info] CMC::computeControls, t = 1.1
[2025-03-22 10:03:02.659] [info] CMC::computeControls, t = 1.10100
[2025-03-22 10:03:02.664] [info] CMC::computeControls, t = 1.10200
[2025-03-22 10:03:02.669] [info] CMC::computeControls, t = 1.10300
[2025-03-22 10:03:02.674] [info] CMC::computeControls, t = 1.10400
[2025-03-22 10:03:02.678] [info] CMC::computeControls, t = 1.10500
[2025-03-22 10:03:02.683] [info] CMC::computeControls, t = 1.10600
[2025-03-22 10:03:02.688] [info] CMC::computeControls, t = 1.10700
[2025-03-22 10:03:02.693] [info] CMC::computeControls, t = 1.10800
[2025-03-22 10:03:02.697] [info] CMC::computeControls, t = 1.10900
[2025-03-22 10:03:02.703] [info] CMC::computeControls, t = 1.11
[2025-03-22 10:03:02.707] [info] CMC::computeControls, t = 1.111
[2025-03-22 10:03:02.712] [info] CMC::computeControls, t = 1.112
[2025-03-22 10:03:02.717] [info] CMC::computeControls, t = 1.113
[2025-03-22 10:03:02.722] [info] CMC::computeControls, t = 1.114
[2025-03-22 10:03:02.727] [info] CMC::computeControls, t = 1.115
[2025-03-22 10:03:02.732] [info] CMC::computeControls, t = 1.116
[2025-03-22 10:03:02.737] [info] CMC::computeControls, t = 1.117
[2025-03-22 10:03:02.742] [info] CMC::computeControls, t = 1.118
[2025-03-22 10:03:02.746] [info] CMC::computeControls, t = 1.119
[2025-03-22 10:03:02.751] [info] CMC::computeControls, t = 1.12
[2025-03-22 10:03:02.756] [info] CMC::computeControls, t = 1.121
[2025-03-22 10:03:02.761] [info] CMC::computeControls, t = 1.122
[2025-03-22 10:03:02.766] [info] CMC::computeControls, t = 1.123
[2025-03-22 10:03:02.771] [info] CMC::computeControls, t = 1.124
[2025-03-22 10:03:02.775] [info] CMC::computeControls, t = 1.125
[2025-03-22 10:03:02.780] [info] CMC::computeControls, t = 1.126
[2025-03-22 10:03:02.785] [info] CMC::computeControls, t = 1.127
[2025-03-22 10:03:02.790] [info] CMC::computeControls, t = 1.128
[2025-03-22 10:03:02.795] [info] CMC::computeControls, t = 1.129
[2025-03-22 10:03:02.800] [info] CMC::computeControls, t = 1.13
[2025-03-22 10:03:02.805] [info] CMC::computeControls, t = 1.131
[2025-03-22 10:03:02.810] [info] CMC::computeControls, t = 1.132
[2025-03-22 10:03:02.815] [info] CMC::computeControls, t = 1.133
[2025-03-22 10:03:02.820] [info] CMC::computeControls, t = 1.134
[2025-03-22 10:03:02.825] [info] CMC::computeControls, t = 1.135
[2025-03-22 10:03:02.830] [info] CMC::computeControls, t = 1.136
[2025-03-22 10:03:02.836] [info] CMC::computeControls, t = 1.137
[2025-03-22 10:03:02.840] [info] CMC::computeControls, t = 1.138
[2025-03-22 10:03:02.845] [info] CMC::computeControls, t = 1.139
[2025-03-22 10:03:02.850] [info] CMC::computeControls, t = 1.14
[2025-03-22 10:03:02.855] [info] CMC::computeControls, t = 1.141
[2025-03-22 10:03:02.860] [info] CMC::computeControls, t = 1.142
[2025-03-22 10:03:02.865] [info] CMC::computeControls, t = 1.143
[2025-03-22 10:03:02.870] [info] CMC::computeControls, t = 1.144
[2025-03-22 10:03:02.875] [info] CMC::computeControls, t = 1.145
[2025-03-22 10:03:02.880] [info] CMC::computeControls, t = 1.146
[2025-03-22 10:03:02.885] [info] CMC::computeControls, t = 1.147
[2025-03-22 10:03:02.890] [info] CMC::computeControls, t = 1.148
[2025-03-22 10:03:02.896] [info] CMC::computeControls, t = 1.149
[2025-03-22 10:03:02.901] [info] CMC::computeControls, t = 1.15
[2025-03-22 10:03:02.906] [info] CMC::computeControls, t = 1.151
[2025-03-22 10:03:02.910] [info] CMC::computeControls, t = 1.152
[2025-03-22 10:03:02.915] [info] CMC::computeControls, t = 1.153
[2025-03-22 10:03:02.920] [info] CMC::computeControls, t = 1.154
[2025-03-22 10:03:02.925] [info] CMC::computeControls, t = 1.155
[2025-03-22 10:03:02.930] [info] CMC::computeControls, t = 1.156
[2025-03-22 10:03:02.935] [info] CMC::computeControls, t = 1.157
[2025-03-22 10:03:02.940] [info] CMC::computeControls, t = 1.158
[2025-03-22 10:03:02.945] [info] CMC::computeControls, t = 1.159
[2025-03-22 10:03:02.949] [info] CMC::computeControls, t = 1.16
[2025-03-22 10:03:02.954] [info] CMC::computeControls, t = 1.161
[2025-03-22 10:03:02.959] [info] CMC::computeControls, t = 1.162
[2025-03-22 10:03:02.964] [info] CMC::computeControls, t = 1.163
[2025-03-22 10:03:02.969] [info] CMC::computeControls, t = 1.164
[2025-03-22 10:03:02.974] [info] CMC::computeControls, t = 1.165
[2025-03-22 10:03:02.979] [info] CMC::computeControls, t = 1.166
[2025-03-22 10:03:02.983] [info] CMC::computeControls, t = 1.167
[2025-03-22 10:03:02.989] [info] CMC::computeControls, t = 1.168
[2025-03-22 10:03:02.994] [info] CMC::computeControls, t = 1.169
[2025-03-22 10:03:02.999] [info] CMC::computeControls, t = 1.17
[2025-03-22 10:03:03.003] [info] CMC::computeControls, t = 1.171
[2025-03-22 10:03:03.008] [info] CMC::computeControls, t = 1.172
[2025-03-22 10:03:03.013] [info] CMC::computeControls, t = 1.173
[2025-03-22 10:03:03.018] [info] CMC::computeControls, t = 1.174
[2025-03-22 10:03:03.023] [info] CMC::computeControls, t = 1.175
[2025-03-22 10:03:03.028] [info] CMC::computeControls, t = 1.176
[2025-03-22 10:03:03.033] [info] CMC::computeControls, t = 1.177
[2025-03-22 10:03:03.038] [info] CMC::computeControls, t = 1.178
[2025-03-22 10:03:03.043] [info] CMC::computeControls, t = 1.179
[2025-03-22 10:03:03.048] [info] CMC::computeControls, t = 1.18
[2025-03-22 10:03:03.053] [info] CMC::computeControls, t = 1.181
[2025-03-22 10:03:03.058] [info] CMC::computeControls, t = 1.182
[2025-03-22 10:03:03.064] [info] CMC::computeControls, t = 1.183
[2025-03-22 10:03:03.069] [info] CMC::computeControls, t = 1.184
[2025-03-22 10:03:03.074] [info] CMC::computeControls, t = 1.185
[2025-03-22 10:03:03.079] [info] CMC::computeControls, t = 1.186
[2025-03-22 10:03:03.083] [info] CMC::computeControls, t = 1.187
[2025-03-22 10:03:03.088] [info] CMC::computeControls, t = 1.188
[2025-03-22 10:03:03.093] [info] CMC::computeControls, t = 1.189
[2025-03-22 10:03:03.098] [info] CMC::computeControls, t = 1.19
[2025-03-22 10:03:03.104] [info] CMC::computeControls, t = 1.191
[2025-03-22 10:03:03.109] [info] CMC::computeControls, t = 1.192
[2025-03-22 10:03:03.114] [info] CMC::computeControls, t = 1.193
[2025-03-22 10:03:03.119] [info] CMC::computeControls, t = 1.194
[2025-03-22 10:03:03.124] [info] CMC::computeControls, t = 1.195
[2025-03-22 10:03:03.129] [info] CMC::computeControls, t = 1.196
[2025-03-22 10:03:03.134] [info] CMC::computeControls, t = 1.197
[2025-03-22 10:03:03.139] [info] CMC::computeControls, t = 1.198
[2025-03-22 10:03:03.143] [info] CMC::computeControls, t = 1.199
[2025-03-22 10:03:03.148] [info] CMC::computeControls, t = 1.2
[2025-03-22 10:03:03.153] [info] CMC::computeControls, t = 1.20100
[2025-03-22 10:03:03.158] [info] CMC::computeControls, t = 1.20200
[2025-03-22 10:03:03.164] [info] CMC::computeControls, t = 1.20300
[2025-03-22 10:03:03.168] [info] CMC::computeControls, t = 1.20400
[2025-03-22 10:03:03.173] [info] CMC::computeControls, t = 1.20500
[2025-03-22 10:03:03.178] [info] CMC::computeControls, t = 1.20600
[2025-03-22 10:03:03.183] [info] CMC::computeControls, t = 1.20700
[2025-03-22 10:03:03.188] [info] CMC::computeControls, t = 1.20800
[2025-03-22 10:03:03.193] [info] CMC::computeControls, t = 1.20900
[2025-03-22 10:03:03.198] [info] CMC::computeControls, t = 1.21
[2025-03-22 10:03:03.203] [info] CMC::computeControls, t = 1.211
[2025-03-22 10:03:03.207] [info] CMC::computeControls, t = 1.212
[2025-03-22 10:03:03.213] [info] CMC::computeControls, t = 1.213
[2025-03-22 10:03:03.218] [info] CMC::computeControls, t = 1.214
[2025-03-22 10:03:03.222] [info] CMC::computeControls, t = 1.215
[2025-03-22 10:03:03.227] [info] CMC::computeControls, t = 1.216
[2025-03-22 10:03:03.232] [info] CMC::computeControls, t = 1.217
[2025-03-22 10:03:03.237] [info] CMC::computeControls, t = 1.218
[2025-03-22 10:03:03.242] [info] CMC::computeControls, t = 1.219
[2025-03-22 10:03:03.247] [info] CMC::computeControls, t = 1.22
[2025-03-22 10:03:03.252] [info] CMC::computeControls, t = 1.221
[2025-03-22 10:03:03.257] [info] CMC::computeControls, t = 1.222
[2025-03-22 10:03:03.262] [info] CMC::computeControls, t = 1.223
[2025-03-22 10:03:03.267] [info] CMC::computeControls, t = 1.224
[2025-03-22 10:03:03.272] [info] CMC::computeControls, t = 1.225
[2025-03-22 10:03:03.277] [info] CMC::computeControls, t = 1.226
[2025-03-22 10:03:03.282] [info] CMC::computeControls, t = 1.227
[2025-03-22 10:03:03.286] [info] CMC::computeControls, t = 1.228
[2025-03-22 10:03:03.291] [info] CMC::computeControls, t = 1.229
[2025-03-22 10:03:03.296] [info] CMC::computeControls, t = 1.23
[2025-03-22 10:03:03.301] [info] CMC::computeControls, t = 1.231
[2025-03-22 10:03:03.306] [info] CMC::computeControls, t = 1.232
[2025-03-22 10:03:03.311] [info] CMC::computeControls, t = 1.233
[2025-03-22 10:03:03.316] [info] CMC::computeControls, t = 1.234
[2025-03-22 10:03:03.321] [info] CMC::computeControls, t = 1.235
[2025-03-22 10:03:03.326] [info] CMC::computeControls, t = 1.236
[2025-03-22 10:03:03.331] [info] CMC::computeControls, t = 1.237
[2025-03-22 10:03:03.335] [info] CMC::computeControls, t = 1.238
[2025-03-22 10:03:03.340] [info] CMC::computeControls, t = 1.239
[2025-03-22 10:03:03.345] [info] CMC::computeControls, t = 1.24
[2025-03-22 10:03:03.350] [info] CMC::computeControls, t = 1.241
[2025-03-22 10:03:03.355] [info] CMC::computeControls, t = 1.242
[2025-03-22 10:03:03.360] [info] CMC::computeControls, t = 1.243
[2025-03-22 10:03:03.365] [info] CMC::computeControls, t = 1.244
[2025-03-22 10:03:03.370] [info] CMC::computeControls, t = 1.245
[2025-03-22 10:03:03.375] [info] CMC::computeControls, t = 1.246
[2025-03-22 10:03:03.380] [info] CMC::computeControls, t = 1.247
[2025-03-22 10:03:03.385] [info] CMC::computeControls, t = 1.248
[2025-03-22 10:03:03.390] [info] CMC::computeControls, t = 1.249
[2025-03-22 10:03:03.395] [info] CMC::computeControls, t = 1.25
[2025-03-22 10:03:03.400] [info] CMC::computeControls, t = 1.251
[2025-03-22 10:03:03.405] [info] CMC::computeControls, t = 1.252
[2025-03-22 10:03:03.410] [info] CMC::computeControls, t = 1.253
[2025-03-22 10:03:03.415] [info] CMC::computeControls, t = 1.254
[2025-03-22 10:03:03.420] [info] CMC::computeControls, t = 1.255
[2025-03-22 10:03:03.425] [info] CMC::computeControls, t = 1.256
[2025-03-22 10:03:03.430] [info] CMC::computeControls, t = 1.257
[2025-03-22 10:03:03.435] [info] CMC::computeControls, t = 1.258
[2025-03-22 10:03:03.440] [info] CMC::computeControls, t = 1.259
[2025-03-22 10:03:03.446] [info] CMC::computeControls, t = 1.26
[2025-03-22 10:03:03.451] [info] CMC::computeControls, t = 1.261
[2025-03-22 10:03:03.456] [info] CMC::computeControls, t = 1.262
[2025-03-22 10:03:03.461] [info] CMC::computeControls, t = 1.263
[2025-03-22 10:03:03.466] [info] CMC::computeControls, t = 1.264
[2025-03-22 10:03:03.471] [info] CMC::computeControls, t = 1.265
[2025-03-22 10:03:03.477] [info] CMC::computeControls, t = 1.266
[2025-03-22 10:03:03.482] [info] CMC::computeControls, t = 1.267
[2025-03-22 10:03:03.487] [info] CMC::computeControls, t = 1.268
[2025-03-22 10:03:03.492] [info] CMC::computeControls, t = 1.269
[2025-03-22 10:03:03.496] [info] CMC::computeControls, t = 1.27
[2025-03-22 10:03:03.501] [info] CMC::computeControls, t = 1.271
[2025-03-22 10:03:03.506] [info] CMC::computeControls, t = 1.272
[2025-03-22 10:03:03.511] [info] CMC::computeControls, t = 1.273
[2025-03-22 10:03:03.516] [info] CMC::computeControls, t = 1.274
[2025-03-22 10:03:03.521] [info] CMC::computeControls, t = 1.275
[2025-03-22 10:03:03.526] [info] CMC::computeControls, t = 1.276
[2025-03-22 10:03:03.531] [info] CMC::computeControls, t = 1.277
[2025-03-22 10:03:03.536] [info] CMC::computeControls, t = 1.278
[2025-03-22 10:03:03.540] [info] CMC::computeControls, t = 1.279
[2025-03-22 10:03:03.545] [info] CMC::computeControls, t = 1.28
[2025-03-22 10:03:03.550] [info] CMC::computeControls, t = 1.281
[2025-03-22 10:03:03.555] [info] CMC::computeControls, t = 1.282
[2025-03-22 10:03:03.560] [info] CMC::computeControls, t = 1.283
[2025-03-22 10:03:03.565] [info] CMC::computeControls, t = 1.284
[2025-03-22 10:03:03.570] [info] CMC::computeControls, t = 1.285
[2025-03-22 10:03:03.574] [info] CMC::computeControls, t = 1.286
[2025-03-22 10:03:03.579] [info] CMC::computeControls, t = 1.287
[2025-03-22 10:03:03.585] [info] CMC::computeControls, t = 1.288
[2025-03-22 10:03:03.589] [info] CMC::computeControls, t = 1.289
[2025-03-22 10:03:03.595] [info] CMC::computeControls, t = 1.29
[2025-03-22 10:03:03.599] [info] CMC::computeControls, t = 1.291
[2025-03-22 10:03:03.605] [info] CMC::computeControls, t = 1.292
[2025-03-22 10:03:03.610] [info] CMC::computeControls, t = 1.293
[2025-03-22 10:03:03.614] [info] CMC::computeControls, t = 1.294
[2025-03-22 10:03:03.619] [info] CMC::computeControls, t = 1.295
[2025-03-22 10:03:03.624] [info] CMC::computeControls, t = 1.296
[2025-03-22 10:03:03.629] [info] CMC::computeControls, t = 1.297
[2025-03-22 10:03:03.634] [info] CMC::computeControls, t = 1.298
[2025-03-22 10:03:03.639] [info] CMC::computeControls, t = 1.299
[2025-03-22 10:03:03.644] [info] -------------------------------------------
[2025-03-22 10:03:03.644] [info] Finished tracking the specified kinematics:
[2025-03-22 10:03:03.644] [info] -------------------------------------------
[2025-03-22 10:03:03.644] [info]  -- Start time = Sat Mar 22 10:03:01 2025
[2025-03-22 10:03:03.644] [info]  -- Finish time = Sat Mar 22 10:03:03 2025
[2025-03-22 10:03:03.644] [info]  -- Elapsed time = 2.0 seconds.
[2025-03-22 10:03:03.644] [info] -------------------------------------------
[2025-03-22 10:03:03.644] [info] 
[2025-03-22 10:03:03.644] [info] Printing results of investigation subject to D:\Documents\Work\RRA\Residual_Reduction_Algorithm\file_result
[2025-03-22 10:03:03.763] [info] 

************************************************************
*      Summary of Mass Adjustments to Reduce Residuals     *
************************************************************
* Body adjusted: torso
* Mass Center (COM) adjustment: dx =0.1, dz =0.1
* New COM location: ~[-0.132344,0.345001,-0.1]
************************************************************
* Recommended mass adjustments:                             
*  Total mass change: 18.9446
*  pelvis: orig mass = 8.57055, new mass = 11.5388
*  femur_r: orig mass = 6.76897, new mass = 9.11331
*  tibia_r: orig mass = 2.69808, new mass = 3.63253
*  talus_r: orig mass = 0.0727736, new mass = 0.0979778
*  calcn_r: orig mass = 0.90967, new mass = 1.22472
*  toes_r: orig mass = 0.157628, new mass = 0.21222
*  femur_l: orig mass = 6.76897, new mass = 9.11331
*  tibia_l: orig mass = 2.69808, new mass = 3.63253
*  talus_l: orig mass = 0.0727736, new mass = 0.0979778
*  calcn_l: orig mass = 0.90967, new mass = 1.22472
*  toes_l: orig mass = 0.157628, new mass = 0.21222
*  torso: orig mass = 24.9152, new mass = 33.5443
************************************************************
* Note: Edit the model to make recommended adjustments to  *
*       mass properties.                                   *
************************************************************

* Average residuals before adjusting torso COM:
*  FX=13.8297 FY=-185.783 FZ=5.09566
*  MX=-150.536 MY=-22.6687 MZ=110.811
************************************************************
* Average residuals after adjusting torso COM:
*  FX=2.9359 FY=-200.878 FZ=5.89905
*  MX=-109.601 MY=-18.9333 MZ=86.2591
************************************************************


[2025-03-22 10:03:03.763] [info] 
************************************************************
*                   Final Average Residuals                *
************************************************************
* After torso COM and Kinematics adjustments:
*  FX=3.27214 FY=-201.114 FZ=5.90535
*  MX=-109.582 MY=-18.9846 MZ=86.1418
************************************************************


[2025-03-22 10:18:14.461] [info] AbstractTool  loading model D:\Documents\Work\RRA\Residual_Reduction_Algorithm\file_prepared\ModelScaledMarkerAdj.osim
[2025-03-22 10:18:14.480] [info] Loaded model scaled from file D:\Documents\Work\RRA\Residual_Reduction_Algorithm\file_prepared\ModelScaledMarkerAdj.osim
[2025-03-22 10:18:14.481] [warning] Couldn't find file 'treadmill.vtp'.
[2025-03-22 10:18:14.481] [warning] Couldn't find file 'sacrum.vtp'.
[2025-03-22 10:18:14.481] [warning] Couldn't find file 'pelvis.vtp'.
[2025-03-22 10:18:14.481] [warning] Couldn't find file 'l_pelvis.vtp'.
[2025-03-22 10:18:14.481] [warning] Couldn't find file 'femur_r.vtp'.
[2025-03-22 10:18:14.481] [warning] Couldn't find file 'tibia_r.vtp'.
[2025-03-22 10:18:14.481] [warning] Couldn't find file 'fibula.vtp'.
[2025-03-22 10:18:14.481] [warning] Couldn't find file 'talus.vtp'.
[2025-03-22 10:18:14.481] [warning] Couldn't find file 'foot.vtp'.
[2025-03-22 10:18:14.481] [warning] Couldn't find file 'bofoot.vtp'.
[2025-03-22 10:18:14.481] [warning] Couldn't find file 'femur_l.vtp'.
[2025-03-22 10:18:14.481] [warning] Couldn't find file 'tibia_l.vtp'.
[2025-03-22 10:18:14.481] [warning] Couldn't find file 'l_fibula.vtp'.
[2025-03-22 10:18:14.481] [warning] Couldn't find file 'l_talus.vtp'.
[2025-03-22 10:18:14.481] [warning] Couldn't find file 'l_foot.vtp'.
[2025-03-22 10:18:14.481] [warning] Couldn't find file 'l_bofoot.vtp'.
[2025-03-22 10:18:14.481] [warning] Couldn't find file 'hat_spine.vtp'.
[2025-03-22 10:18:14.481] [warning] Couldn't find file 'hat_jaw.vtp'.
[2025-03-22 10:18:14.481] [warning] Couldn't find file 'hat_skull.vtp'.
[2025-03-22 10:18:14.481] [warning] Couldn't find file 'hat_ribs.vtp'.
[2025-03-22 10:18:14.488] [info] Adding force object set from D:\Documents\Work\RRA\Residual_Reduction_Algorithm\file_prepared\subj01_acl_RRA_Actuators-ie.xml
[2025-03-22 10:18:14.489] [info] Running tool subject.
[2025-03-22 10:18:14.491] [info] 	taskSet size = 27.
[2025-03-22 10:18:14.493] [info] Storage: read data file = D:\Documents\Work\RRA\Residual_Reduction_Algorithm\file_prepared\dingzhejin_30DJ0001_grf.mot (nr=28570 nc=19)
[2025-03-22 10:18:14.674] [info] ExternalForce::externalforce Data source being set to D:\Documents\paper\Opensim\Pipline\Result\dingzhejin\30DJ0001\original_data\dingzhejin_30DJ0001_grf.mot
[2025-03-22 10:18:14.674] [info] ExternalForce::externalforce_0 Data source being set to D:\Documents\paper\Opensim\Pipline\Result\dingzhejin\30DJ0001\original_data\dingzhejin_30DJ0001_grf.mot
[2025-03-22 10:18:14.683] [warning] A desired points file was not specified.
[2025-03-22 10:18:14.683] [info] Loading desired kinematics from file 'D:\Documents\Work\RRA\Residual_Reduction_Algorithm\file_prepared\IK_results_Left1.mot'...
[2025-03-22 10:18:14.683] [info] Storage: read data file = D:\Documents\Work\RRA\Residual_Reduction_Algorithm\file_prepared\IK_results_Left1.mot (nr=144 nc=28)
[2025-03-22 10:18:14.684] [info] Low-pass filtering desired kinematics with a cutoff frequency of 6.0...
[2025-03-22 10:18:14.691] [cout] [info] MODEL: scaled

numStates = 54
numCoordinates = 27
numSpeeds = 27
numActuators = 27
numBodies = 12
numConstraints = 0
numProbes = 0

ANALYSES (total: 0)

BODIES (total: 12)
body[0] = pelvis. mass: 8.57055
              moments of inertia:  ~[0.0698152,0.0591528,0.039322]
              products of inertia: ~[0,0,0]
body[1] = femur_r. mass: 6.76897
              moments of inertia:  ~[0.0988027,0.0258997,0.104189]
              products of inertia: ~[0,0,0]
body[2] = tibia_r. mass: 2.69808
              moments of inertia:  ~[0.0299905,0.00303475,0.030407]
              products of inertia: ~[0,0,0]
body[3] = talus_r. mass: 0.0727736
              moments of inertia:  ~[0.000567384,0.000567384,0.000567384]
              products of inertia: ~[0,0,0]
body[4] = calcn_r. mass: 0.90967
              moments of inertia:  ~[0.000794337,0.0022128,0.00232627]
              products of inertia: ~[0,0,0]
body[5] = toes_r. mass: 0.157628
              moments of inertia:  ~[5.67384e-05,0.000113477,5.67384e-05]
              products of inertia: ~[0,0,0]
body[6] = femur_l. mass: 6.76897
              moments of inertia:  ~[0.0988027,0.0258997,0.104189]
              products of inertia: ~[0,0,0]
body[7] = tibia_l. mass: 2.69808
              moments of inertia:  ~[0.0299905,0.00303475,0.030407]
              products of inertia: ~[0,0,0]
body[8] = talus_l. mass: 0.0727736
              moments of inertia:  ~[0.000567384,0.000567384,0.000567384]
              products of inertia: ~[0,0,0]
body[9] = calcn_l. mass: 0.90967
              moments of inertia:  ~[0.000794337,0.0022128,0.00232627]
              products of inertia: ~[0,0,0]
body[10] = toes_l. mass: 0.157628
              moments of inertia:  ~[5.67384e-05,0.000113477,5.67384e-05]
              products of inertia: ~[0,0,0]
body[11] = torso. mass: 24.9152
              moments of inertia:  ~[1.24726,0.639069,1.21081]
              products of inertia: ~[0,0,0]

JOINTS (total: 12)
joint[0] = ground_pelvis. parent: ground_offset, child: pelvis_offset
joint[1] = hip_r. parent: pelvis_offset, child: femur_r_offset
joint[2] = knee_r. parent: femur_r_offset, child: tibia_r_offset
joint[3] = ankle_r. parent: tibia_r_offset, child: talus_r_offset
joint[4] = subtalar_r. parent: talus_r_offset, child: calcn_r_offset
joint[5] = mtp_r. parent: calcn_r_offset, child: toes_r_offset
joint[6] = hip_l. parent: pelvis_offset, child: femur_l_offset
joint[7] = knee_l. parent: femur_l_offset, child: tibia_l_offset
joint[8] = ankle_l. parent: tibia_l_offset, child: talus_l_offset
joint[9] = subtalar_l. parent: talus_l_offset, child: calcn_l_offset
joint[10] = mtp_l. parent: calcn_l_offset, child: toes_l_offset
joint[11] = back. parent: pelvis_offset, child: torso_offset

ACTUATORS (total: 27)
actuator[0] = FX
actuator[1] = FY
actuator[2] = FZ
actuator[3] = MX
actuator[4] = MY
actuator[5] = MZ
actuator[6] = hip_flexion_r
actuator[7] = hip_adduction_r
actuator[8] = hip_rotation_r
actuator[9] = knee_angle_r
actuator[10] = knee_angle_r_ie
actuator[11] = knee_angle_r_vv
actuator[12] = ankle_angle_r
actuator[13] = subtalar_angle_r
actuator[14] = mtp_angle_r
actuator[15] = hip_flexion_l
actuator[16] = hip_adduction_l
actuator[17] = hip_rotation_l
actuator[18] = knee_angle_l
actuator[19] = knee_angle_l_ie
actuator[20] = knee_angle_l_vv
actuator[21] = ankle_angle_l
actuator[22] = subtalar_angle_l
actuator[23] = mtp_angle_l
actuator[24] = lumbar_extension
actuator[25] = lumbar_bending
actuator[26] = lumbar_rotation

STATES (total: 54)
y[0] = /jointset/ground_pelvis/pelvis_tilt/value
y[1] = /jointset/ground_pelvis/pelvis_tilt/speed
y[2] = /jointset/ground_pelvis/pelvis_list/value
y[3] = /jointset/ground_pelvis/pelvis_list/speed
y[4] = /jointset/ground_pelvis/pelvis_rotation/value
y[5] = /jointset/ground_pelvis/pelvis_rotation/speed
y[6] = /jointset/ground_pelvis/pelvis_tx/value
y[7] = /jointset/ground_pelvis/pelvis_tx/speed
y[8] = /jointset/ground_pelvis/pelvis_ty/value
y[9] = /jointset/ground_pelvis/pelvis_ty/speed
y[10] = /jointset/ground_pelvis/pelvis_tz/value
y[11] = /jointset/ground_pelvis/pelvis_tz/speed
y[12] = /jointset/hip_r/hip_flexion_r/value
y[13] = /jointset/hip_r/hip_flexion_r/speed
y[14] = /jointset/hip_r/hip_adduction_r/value
y[15] = /jointset/hip_r/hip_adduction_r/speed
y[16] = /jointset/hip_r/hip_rotation_r/value
y[17] = /jointset/hip_r/hip_rotation_r/speed
y[18] = /jointset/knee_r/knee_angle_r/value
y[19] = /jointset/knee_r/knee_angle_r/speed
y[20] = /jointset/knee_r/knee_angle_r_ie/value
y[21] = /jointset/knee_r/knee_angle_r_ie/speed
y[22] = /jointset/knee_r/knee_angle_r_vv/value
y[23] = /jointset/knee_r/knee_angle_r_vv/speed
y[24] = /jointset/ankle_r/ankle_angle_r/value
y[25] = /jointset/ankle_r/ankle_angle_r/speed
y[26] = /jointset/subtalar_r/subtalar_angle_r/value
y[27] = /jointset/subtalar_r/subtalar_angle_r/speed
y[28] = /jointset/mtp_r/mtp_angle_r/value
y[29] = /jointset/mtp_r/mtp_angle_r/speed
y[30] = /jointset/hip_l/hip_flexion_l/value
y[31] = /jointset/hip_l/hip_flexion_l/speed
y[32] = /jointset/hip_l/hip_adduction_l/value
y[33] = /jointset/hip_l/hip_adduction_l/speed
y[34] = /jointset/hip_l/hip_rotation_l/value
y[35] = /jointset/hip_l/hip_rotation_l/speed
y[36] = /jointset/knee_l/knee_angle_l/value
y[37] = /jointset/knee_l/knee_angle_l/speed
y[38] = /jointset/knee_l/knee_angle_l_ie/value
y[39] = /jointset/knee_l/knee_angle_l_ie/speed
y[40] = /jointset/knee_l/knee_angle_l_vv/value
y[41] = /jointset/knee_l/knee_angle_l_vv/speed
y[42] = /jointset/ankle_l/ankle_angle_l/value
y[43] = /jointset/ankle_l/ankle_angle_l/speed
y[44] = /jointset/subtalar_l/subtalar_angle_l/value
y[45] = /jointset/subtalar_l/subtalar_angle_l/speed
y[46] = /jointset/mtp_l/mtp_angle_l/value
y[47] = /jointset/mtp_l/mtp_angle_l/speed
y[48] = /jointset/back/lumbar_extension/value
y[49] = /jointset/back/lumbar_extension/speed
y[50] = /jointset/back/lumbar_bending/value
y[51] = /jointset/back/lumbar_bending/speed
y[52] = /jointset/back/lumbar_rotation/value
y[53] = /jointset/back/lumbar_rotation/speed

[2025-03-22 10:18:14.737] [info] Requested COM adjustment time range 0.81 to 1.3, clamped to nearest available data times: 0.81 to 1.3.
[2025-03-22 10:18:14.737] [info] Computing average residuals between 0.81 and 1.3...
[2025-03-22 10:18:14.744] [info] Storage: read data file = D:\Documents\Work\RRA\Residual_Reduction_Algorithm\file_prepared\dingzhejin_30DJ0001_grf.mot (nr=28570 nc=19)
[2025-03-22 10:18:14.922] [info] ExternalForce::externalforce Data source being set to D:\Documents\paper\Opensim\Pipline\Result\dingzhejin\30DJ0001\original_data\dingzhejin_30DJ0001_grf.mot
[2025-03-22 10:18:14.922] [info] ExternalForce::externalforce_0 Data source being set to D:\Documents\paper\Opensim\Pipline\Result\dingzhejin\30DJ0001\original_data\dingzhejin_30DJ0001_grf.mot
[2025-03-22 10:18:14.931] [info] Storage: read data file = D:\Documents\Work\RRA\Residual_Reduction_Algorithm\file_prepared\dingzhejin_30DJ0001_grf.mot (nr=28570 nc=19)
[2025-03-22 10:18:15.124] [info] ExternalForce::externalforce Data source being set to D:\Documents\paper\Opensim\Pipline\Result\dingzhejin\30DJ0001\original_data\dingzhejin_30DJ0001_grf.mot
[2025-03-22 10:18:15.124] [info] ExternalForce::externalforce_0 Data source being set to D:\Documents\paper\Opensim\Pipline\Result\dingzhejin\30DJ0001\original_data\dingzhejin_30DJ0001_grf.mot
[2025-03-22 10:18:16.540] [info] Storage: read data file = D:\Documents\Work\RRA\Residual_Reduction_Algorithm\file_prepared\dingzhejin_30DJ0001_grf.mot (nr=28570 nc=19)
[2025-03-22 10:18:16.722] [info] ExternalForce::externalforce Data source being set to D:\Documents\paper\Opensim\Pipline\Result\dingzhejin\30DJ0001\original_data\dingzhejin_30DJ0001_grf.mot
[2025-03-22 10:18:16.723] [info] ExternalForce::externalforce_0 Data source being set to D:\Documents\paper\Opensim\Pipline\Result\dingzhejin\30DJ0001\original_data\dingzhejin_30DJ0001_grf.mot
[2025-03-22 10:18:16.731] [info] Computing average residuals between 0.81 and 1.3...
[2025-03-22 10:18:16.739] [info] Storage: read data file = D:\Documents\Work\RRA\Residual_Reduction_Algorithm\file_prepared\dingzhejin_30DJ0001_grf.mot (nr=28570 nc=19)
[2025-03-22 10:18:16.919] [info] ExternalForce::externalforce Data source being set to D:\Documents\paper\Opensim\Pipline\Result\dingzhejin\30DJ0001\original_data\dingzhejin_30DJ0001_grf.mot
[2025-03-22 10:18:16.919] [info] ExternalForce::externalforce_0 Data source being set to D:\Documents\paper\Opensim\Pipline\Result\dingzhejin\30DJ0001\original_data\dingzhejin_30DJ0001_grf.mot
[2025-03-22 10:18:16.928] [info] Storage: read data file = D:\Documents\Work\RRA\Residual_Reduction_Algorithm\file_prepared\dingzhejin_30DJ0001_grf.mot (nr=28570 nc=19)
[2025-03-22 10:18:17.109] [info] ExternalForce::externalforce Data source being set to D:\Documents\paper\Opensim\Pipline\Result\dingzhejin\30DJ0001\original_data\dingzhejin_30DJ0001_grf.mot
[2025-03-22 10:18:17.109] [info] ExternalForce::externalforce_0 Data source being set to D:\Documents\paper\Opensim\Pipline\Result\dingzhejin\30DJ0001\original_data\dingzhejin_30DJ0001_grf.mot
[2025-03-22 10:18:18.517] [info] Constructing function set for tracking desired kinematics...
[2025-03-22 10:18:18.606] [warning] No Actuation analysis found in analysis set, adding one...
[2025-03-22 10:18:18.606] [warning] No Kinematics analysis found in analysis set, adding one...
[2025-03-22 10:18:18.607] [info] Using the generalized coordinates specified in 'D:\Documents\Work\RRA\Residual_Reduction_Algorithm\file_prepared\IK_results_Left1.mot' to set the initial configuration.
[2025-03-22 10:18:18.628] [info] Using IPOPT optimizer algorithm.
[2025-03-22 10:18:18.628] [info] Setting optimizer print level to 0.
[2025-03-22 10:18:18.628] [info] Setting optimizer convergence tolerance to 1.0e-05.
[2025-03-22 10:18:18.628] [info] Setting optimizer maximum iterations to 2000.
[2025-03-22 10:18:18.628] [info] Setting cmc controller to not use verbose printing.

[2025-03-22 10:18:18.628] [info] CMC::computeControls, t = 0.81
[2025-03-22 10:18:19.979] [info] --------------------------------------------
[2025-03-22 10:18:19.979] [info] Using CMC to track the specified kinematics:
[2025-03-22 10:18:19.979] [info] --------------------------------------------
[2025-03-22 10:18:19.979] [info]  -- Integrating from 0.81 to 1.3
[2025-03-22 10:18:19.979] [info]  -- Start time = Sat Mar 22 10:18:19 2025
[2025-03-22 10:18:19.979] [info] --------------------------------------------
[2025-03-22 10:18:19.979] [info] 
[2025-03-22 10:18:19.980] [info] CMC::computeControls, t = 0.81
[2025-03-22 10:18:19.986] [info] CMC::computeControls, t = 0.811
[2025-03-22 10:18:19.992] [info] CMC::computeControls, t = 0.812
[2025-03-22 10:18:19.997] [info] CMC::computeControls, t = 0.813
[2025-03-22 10:18:20.002] [info] CMC::computeControls, t = 0.814
[2025-03-22 10:18:20.008] [info] CMC::computeControls, t = 0.815
[2025-03-22 10:18:20.014] [info] CMC::computeControls, t = 0.816
[2025-03-22 10:18:20.019] [info] CMC::computeControls, t = 0.817
[2025-03-22 10:18:20.025] [info] CMC::computeControls, t = 0.818
[2025-03-22 10:18:20.030] [info] CMC::computeControls, t = 0.819
[2025-03-22 10:18:20.035] [info] CMC::computeControls, t = 0.82
[2025-03-22 10:18:20.041] [info] CMC::computeControls, t = 0.821
[2025-03-22 10:18:20.047] [info] CMC::computeControls, t = 0.822
[2025-03-22 10:18:20.052] [info] CMC::computeControls, t = 0.823
[2025-03-22 10:18:20.058] [info] CMC::computeControls, t = 0.824
[2025-03-22 10:18:20.063] [info] CMC::computeControls, t = 0.825
[2025-03-22 10:18:20.069] [info] CMC::computeControls, t = 0.826
[2025-03-22 10:18:20.075] [info] CMC::computeControls, t = 0.827
[2025-03-22 10:18:20.080] [info] CMC::computeControls, t = 0.828
[2025-03-22 10:18:20.085] [info] CMC::computeControls, t = 0.829
[2025-03-22 10:18:20.091] [info] CMC::computeControls, t = 0.83
[2025-03-22 10:18:20.096] [info] CMC::computeControls, t = 0.831
[2025-03-22 10:18:20.101] [info] CMC::computeControls, t = 0.832
[2025-03-22 10:18:20.107] [info] CMC::computeControls, t = 0.833
[2025-03-22 10:18:20.113] [info] CMC::computeControls, t = 0.834
[2025-03-22 10:18:20.118] [info] CMC::computeControls, t = 0.835
[2025-03-22 10:18:20.124] [info] CMC::computeControls, t = 0.836
[2025-03-22 10:18:20.129] [info] CMC::computeControls, t = 0.837
[2025-03-22 10:18:20.134] [info] CMC::computeControls, t = 0.838
[2025-03-22 10:18:20.139] [info] CMC::computeControls, t = 0.839
[2025-03-22 10:18:20.145] [info] CMC::computeControls, t = 0.84
[2025-03-22 10:18:20.150] [info] CMC::computeControls, t = 0.841
[2025-03-22 10:18:20.155] [info] CMC::computeControls, t = 0.842
[2025-03-22 10:18:20.161] [info] CMC::computeControls, t = 0.843
[2025-03-22 10:18:20.166] [info] CMC::computeControls, t = 0.844
[2025-03-22 10:18:20.172] [info] CMC::computeControls, t = 0.845
[2025-03-22 10:18:20.177] [info] CMC::computeControls, t = 0.846
[2025-03-22 10:18:20.182] [info] CMC::computeControls, t = 0.847
[2025-03-22 10:18:20.188] [info] CMC::computeControls, t = 0.848
[2025-03-22 10:18:20.193] [info] CMC::computeControls, t = 0.849
[2025-03-22 10:18:20.198] [info] CMC::computeControls, t = 0.85
[2025-03-22 10:18:20.204] [info] CMC::computeControls, t = 0.851
[2025-03-22 10:18:20.209] [info] CMC::computeControls, t = 0.852
[2025-03-22 10:18:20.214] [info] CMC::computeControls, t = 0.853
[2025-03-22 10:18:20.220] [info] CMC::computeControls, t = 0.854
[2025-03-22 10:18:20.225] [info] CMC::computeControls, t = 0.855
[2025-03-22 10:18:20.230] [info] CMC::computeControls, t = 0.856
[2025-03-22 10:18:20.236] [info] CMC::computeControls, t = 0.857
[2025-03-22 10:18:20.241] [info] CMC::computeControls, t = 0.858
[2025-03-22 10:18:20.247] [info] CMC::computeControls, t = 0.859
[2025-03-22 10:18:20.252] [info] CMC::computeControls, t = 0.86
[2025-03-22 10:18:20.257] [info] CMC::computeControls, t = 0.861
[2025-03-22 10:18:20.262] [info] CMC::computeControls, t = 0.862
[2025-03-22 10:18:20.267] [info] CMC::computeControls, t = 0.863
[2025-03-22 10:18:20.272] [info] CMC::computeControls, t = 0.864
[2025-03-22 10:18:20.277] [info] CMC::computeControls, t = 0.865
[2025-03-22 10:18:20.282] [info] CMC::computeControls, t = 0.866
[2025-03-22 10:18:20.287] [info] CMC::computeControls, t = 0.867
[2025-03-22 10:18:20.292] [info] CMC::computeControls, t = 0.868
[2025-03-22 10:18:20.297] [info] CMC::computeControls, t = 0.869
[2025-03-22 10:18:20.302] [info] CMC::computeControls, t = 0.87
[2025-03-22 10:18:20.308] [info] CMC::computeControls, t = 0.871
[2025-03-22 10:18:20.313] [info] CMC::computeControls, t = 0.872
[2025-03-22 10:18:20.319] [info] CMC::computeControls, t = 0.873
[2025-03-22 10:18:20.324] [info] CMC::computeControls, t = 0.874
[2025-03-22 10:18:20.329] [info] CMC::computeControls, t = 0.875
[2025-03-22 10:18:20.334] [info] CMC::computeControls, t = 0.876
[2025-03-22 10:18:20.339] [info] CMC::computeControls, t = 0.877
[2025-03-22 10:18:20.344] [info] CMC::computeControls, t = 0.878
[2025-03-22 10:18:20.349] [info] CMC::computeControls, t = 0.879
[2025-03-22 10:18:20.354] [info] CMC::computeControls, t = 0.88
[2025-03-22 10:18:20.360] [info] CMC::computeControls, t = 0.881
[2025-03-22 10:18:20.366] [info] CMC::computeControls, t = 0.882
[2025-03-22 10:18:20.371] [info] CMC::computeControls, t = 0.883
[2025-03-22 10:18:20.376] [info] CMC::computeControls, t = 0.884
[2025-03-22 10:18:20.381] [info] CMC::computeControls, t = 0.885
[2025-03-22 10:18:20.386] [info] CMC::computeControls, t = 0.886
[2025-03-22 10:18:20.392] [info] CMC::computeControls, t = 0.887
[2025-03-22 10:18:20.397] [info] CMC::computeControls, t = 0.888
[2025-03-22 10:18:20.402] [info] CMC::computeControls, t = 0.889
[2025-03-22 10:18:20.407] [info] CMC::computeControls, t = 0.89
[2025-03-22 10:18:20.413] [info] CMC::computeControls, t = 0.891
[2025-03-22 10:18:20.418] [info] CMC::computeControls, t = 0.892
[2025-03-22 10:18:20.423] [info] CMC::computeControls, t = 0.893
[2025-03-22 10:18:20.428] [info] CMC::computeControls, t = 0.894
[2025-03-22 10:18:20.433] [info] CMC::computeControls, t = 0.895
[2025-03-22 10:18:20.438] [info] CMC::computeControls, t = 0.896
[2025-03-22 10:18:20.443] [info] CMC::computeControls, t = 0.897
[2025-03-22 10:18:20.448] [info] CMC::computeControls, t = 0.898
[2025-03-22 10:18:20.453] [info] CMC::computeControls, t = 0.899
[2025-03-22 10:18:20.459] [info] CMC::computeControls, t = 0.9
[2025-03-22 10:18:20.464] [info] CMC::computeControls, t = 0.901000
[2025-03-22 10:18:20.469] [info] CMC::computeControls, t = 0.902000
[2025-03-22 10:18:20.474] [info] CMC::computeControls, t = 0.903000
[2025-03-22 10:18:20.479] [info] CMC::computeControls, t = 0.904000
[2025-03-22 10:18:20.484] [info] CMC::computeControls, t = 0.905000
[2025-03-22 10:18:20.489] [info] CMC::computeControls, t = 0.906000
[2025-03-22 10:18:20.494] [info] CMC::computeControls, t = 0.907000
[2025-03-22 10:18:20.499] [info] CMC::computeControls, t = 0.908000
[2025-03-22 10:18:20.504] [info] CMC::computeControls, t = 0.909000
[2025-03-22 10:18:20.509] [info] CMC::computeControls, t = 0.91
[2025-03-22 10:18:20.513] [info] CMC::computeControls, t = 0.911
[2025-03-22 10:18:20.518] [info] CMC::computeControls, t = 0.912
[2025-03-22 10:18:20.523] [info] CMC::computeControls, t = 0.913
[2025-03-22 10:18:20.528] [info] CMC::computeControls, t = 0.914
[2025-03-22 10:18:20.533] [info] CMC::computeControls, t = 0.915
[2025-03-22 10:18:20.538] [info] CMC::computeControls, t = 0.916
[2025-03-22 10:18:20.543] [info] CMC::computeControls, t = 0.917
[2025-03-22 10:18:20.548] [info] CMC::computeControls, t = 0.918
[2025-03-22 10:18:20.553] [info] CMC::computeControls, t = 0.919
[2025-03-22 10:18:20.558] [info] CMC::computeControls, t = 0.92
[2025-03-22 10:18:20.563] [info] CMC::computeControls, t = 0.921
[2025-03-22 10:18:20.568] [info] CMC::computeControls, t = 0.922
[2025-03-22 10:18:20.573] [info] CMC::computeControls, t = 0.923
[2025-03-22 10:18:20.578] [info] CMC::computeControls, t = 0.924
[2025-03-22 10:18:20.583] [info] CMC::computeControls, t = 0.925
[2025-03-22 10:18:20.588] [info] CMC::computeControls, t = 0.926
[2025-03-22 10:18:20.593] [info] CMC::computeControls, t = 0.927
[2025-03-22 10:18:20.598] [info] CMC::computeControls, t = 0.928
[2025-03-22 10:18:20.603] [info] CMC::computeControls, t = 0.929
[2025-03-22 10:18:20.607] [info] CMC::computeControls, t = 0.93
[2025-03-22 10:18:20.612] [info] CMC::computeControls, t = 0.931
[2025-03-22 10:18:20.618] [info] CMC::computeControls, t = 0.932
[2025-03-22 10:18:20.623] [info] CMC::computeControls, t = 0.933
[2025-03-22 10:18:20.629] [info] CMC::computeControls, t = 0.934
[2025-03-22 10:18:20.634] [info] CMC::computeControls, t = 0.935
[2025-03-22 10:18:20.640] [info] CMC::computeControls, t = 0.936
[2025-03-22 10:18:20.645] [info] CMC::computeControls, t = 0.937
[2025-03-22 10:18:20.651] [info] CMC::computeControls, t = 0.938
[2025-03-22 10:18:20.657] [info] CMC::computeControls, t = 0.939
[2025-03-22 10:18:20.665] [info] CMC::computeControls, t = 0.94
[2025-03-22 10:18:20.673] [info] CMC::computeControls, t = 0.941
[2025-03-22 10:18:20.679] [info] CMC::computeControls, t = 0.942
[2025-03-22 10:18:20.685] [info] CMC::computeControls, t = 0.943
[2025-03-22 10:18:20.691] [info] CMC::computeControls, t = 0.944
[2025-03-22 10:18:20.697] [info] CMC::computeControls, t = 0.945
[2025-03-22 10:18:20.702] [info] CMC::computeControls, t = 0.946
[2025-03-22 10:18:20.707] [info] CMC::computeControls, t = 0.947
[2025-03-22 10:18:20.712] [info] CMC::computeControls, t = 0.948
[2025-03-22 10:18:20.717] [info] CMC::computeControls, t = 0.949
[2025-03-22 10:18:20.722] [info] CMC::computeControls, t = 0.95
[2025-03-22 10:18:20.727] [info] CMC::computeControls, t = 0.951
[2025-03-22 10:18:20.732] [info] CMC::computeControls, t = 0.952
[2025-03-22 10:18:20.737] [info] CMC::computeControls, t = 0.953
[2025-03-22 10:18:20.742] [info] CMC::computeControls, t = 0.954
[2025-03-22 10:18:20.747] [info] CMC::computeControls, t = 0.955
[2025-03-22 10:18:20.752] [info] CMC::computeControls, t = 0.956
[2025-03-22 10:18:20.757] [info] CMC::computeControls, t = 0.957
[2025-03-22 10:18:20.762] [info] CMC::computeControls, t = 0.958
[2025-03-22 10:18:20.767] [info] CMC::computeControls, t = 0.959
[2025-03-22 10:18:20.772] [info] CMC::computeControls, t = 0.96
[2025-03-22 10:18:20.777] [info] CMC::computeControls, t = 0.961
[2025-03-22 10:18:20.783] [info] CMC::computeControls, t = 0.962
[2025-03-22 10:18:20.788] [info] CMC::computeControls, t = 0.963
[2025-03-22 10:18:20.794] [info] CMC::computeControls, t = 0.964
[2025-03-22 10:18:20.799] [info] CMC::computeControls, t = 0.965
[2025-03-22 10:18:20.804] [info] CMC::computeControls, t = 0.966
[2025-03-22 10:18:20.813] [info] CMC::computeControls, t = 0.967
[2025-03-22 10:18:20.818] [info] CMC::computeControls, t = 0.968
[2025-03-22 10:18:20.823] [info] CMC::computeControls, t = 0.969
[2025-03-22 10:18:20.828] [info] CMC::computeControls, t = 0.97
[2025-03-22 10:18:20.833] [info] CMC::computeControls, t = 0.971
[2025-03-22 10:18:20.838] [info] CMC::computeControls, t = 0.972
[2025-03-22 10:18:20.842] [info] CMC::computeControls, t = 0.973
[2025-03-22 10:18:20.847] [info] CMC::computeControls, t = 0.974
[2025-03-22 10:18:20.852] [info] CMC::computeControls, t = 0.975
[2025-03-22 10:18:20.857] [info] CMC::computeControls, t = 0.976
[2025-03-22 10:18:20.861] [info] CMC::computeControls, t = 0.977
[2025-03-22 10:18:20.866] [info] CMC::computeControls, t = 0.978
[2025-03-22 10:18:20.871] [info] CMC::computeControls, t = 0.979
[2025-03-22 10:18:20.876] [info] CMC::computeControls, t = 0.98
[2025-03-22 10:18:20.880] [info] CMC::computeControls, t = 0.981
[2025-03-22 10:18:20.885] [info] CMC::computeControls, t = 0.982
[2025-03-22 10:18:20.889] [info] CMC::computeControls, t = 0.983
[2025-03-22 10:18:20.894] [info] CMC::computeControls, t = 0.984
[2025-03-22 10:18:20.899] [info] CMC::computeControls, t = 0.985
[2025-03-22 10:18:20.904] [info] CMC::computeControls, t = 0.986
[2025-03-22 10:18:20.908] [info] CMC::computeControls, t = 0.987
[2025-03-22 10:18:20.913] [info] CMC::computeControls, t = 0.988
[2025-03-22 10:18:20.918] [info] CMC::computeControls, t = 0.989
[2025-03-22 10:18:20.923] [info] CMC::computeControls, t = 0.99
[2025-03-22 10:18:20.927] [info] CMC::computeControls, t = 0.991
[2025-03-22 10:18:20.932] [info] CMC::computeControls, t = 0.992
[2025-03-22 10:18:20.937] [info] CMC::computeControls, t = 0.993
[2025-03-22 10:18:20.942] [info] CMC::computeControls, t = 0.994
[2025-03-22 10:18:20.946] [info] CMC::computeControls, t = 0.995
[2025-03-22 10:18:20.951] [info] CMC::computeControls, t = 0.996
[2025-03-22 10:18:20.956] [info] CMC::computeControls, t = 0.997
[2025-03-22 10:18:20.960] [info] CMC::computeControls, t = 0.998
[2025-03-22 10:18:20.966] [info] CMC::computeControls, t = 0.999
[2025-03-22 10:18:20.972] [info] CMC::computeControls, t = 1.0
[2025-03-22 10:18:20.976] [info] CMC::computeControls, t = 1.00100
[2025-03-22 10:18:20.982] [info] CMC::computeControls, t = 1.00200
[2025-03-22 10:18:20.987] [info] CMC::computeControls, t = 1.00300
[2025-03-22 10:18:20.992] [info] CMC::computeControls, t = 1.00400
[2025-03-22 10:18:20.997] [info] CMC::computeControls, t = 1.00500
[2025-03-22 10:18:21.001] [info] CMC::computeControls, t = 1.00600
[2025-03-22 10:18:21.006] [info] CMC::computeControls, t = 1.00700
[2025-03-22 10:18:21.011] [info] CMC::computeControls, t = 1.00800
[2025-03-22 10:18:21.016] [info] CMC::computeControls, t = 1.00900
[2025-03-22 10:18:21.020] [info] CMC::computeControls, t = 1.01
[2025-03-22 10:18:21.025] [info] CMC::computeControls, t = 1.011
[2025-03-22 10:18:21.030] [info] CMC::computeControls, t = 1.012
[2025-03-22 10:18:21.035] [info] CMC::computeControls, t = 1.013
[2025-03-22 10:18:21.039] [info] CMC::computeControls, t = 1.014
[2025-03-22 10:18:21.045] [info] CMC::computeControls, t = 1.015
[2025-03-22 10:18:21.049] [info] CMC::computeControls, t = 1.016
[2025-03-22 10:18:21.054] [info] CMC::computeControls, t = 1.017
[2025-03-22 10:18:21.059] [info] CMC::computeControls, t = 1.018
[2025-03-22 10:18:21.064] [info] CMC::computeControls, t = 1.019
[2025-03-22 10:18:21.068] [info] CMC::computeControls, t = 1.02
[2025-03-22 10:18:21.074] [info] CMC::computeControls, t = 1.021
[2025-03-22 10:18:21.078] [info] CMC::computeControls, t = 1.022
[2025-03-22 10:18:21.083] [info] CMC::computeControls, t = 1.023
[2025-03-22 10:18:21.089] [info] CMC::computeControls, t = 1.024
[2025-03-22 10:18:21.094] [info] CMC::computeControls, t = 1.025
[2025-03-22 10:18:21.098] [info] CMC::computeControls, t = 1.026
[2025-03-22 10:18:21.103] [info] CMC::computeControls, t = 1.027
[2025-03-22 10:18:21.108] [info] CMC::computeControls, t = 1.028
[2025-03-22 10:18:21.112] [info] CMC::computeControls, t = 1.029
[2025-03-22 10:18:21.117] [info] CMC::computeControls, t = 1.03
[2025-03-22 10:18:21.122] [info] CMC::computeControls, t = 1.031
[2025-03-22 10:18:21.127] [info] CMC::computeControls, t = 1.032
[2025-03-22 10:18:21.131] [info] CMC::computeControls, t = 1.033
[2025-03-22 10:18:21.136] [info] CMC::computeControls, t = 1.034
[2025-03-22 10:18:21.141] [info] CMC::computeControls, t = 1.035
[2025-03-22 10:18:21.145] [info] CMC::computeControls, t = 1.036
[2025-03-22 10:18:21.150] [info] CMC::computeControls, t = 1.037
[2025-03-22 10:18:21.155] [info] CMC::computeControls, t = 1.038
[2025-03-22 10:18:21.160] [info] CMC::computeControls, t = 1.039
[2025-03-22 10:18:21.165] [info] CMC::computeControls, t = 1.04
[2025-03-22 10:18:21.170] [info] CMC::computeControls, t = 1.041
[2025-03-22 10:18:21.174] [info] CMC::computeControls, t = 1.042
[2025-03-22 10:18:21.179] [info] CMC::computeControls, t = 1.043
[2025-03-22 10:18:21.184] [info] CMC::computeControls, t = 1.044
[2025-03-22 10:18:21.189] [info] CMC::computeControls, t = 1.045
[2025-03-22 10:18:21.194] [info] CMC::computeControls, t = 1.046
[2025-03-22 10:18:21.198] [info] CMC::computeControls, t = 1.047
[2025-03-22 10:18:21.203] [info] CMC::computeControls, t = 1.048
[2025-03-22 10:18:21.208] [info] CMC::computeControls, t = 1.049
[2025-03-22 10:18:21.212] [info] CMC::computeControls, t = 1.05
[2025-03-22 10:18:21.218] [info] CMC::computeControls, t = 1.051
[2025-03-22 10:18:21.223] [info] CMC::computeControls, t = 1.052
[2025-03-22 10:18:21.228] [info] CMC::computeControls, t = 1.053
[2025-03-22 10:18:21.233] [info] CMC::computeControls, t = 1.054
[2025-03-22 10:18:21.237] [info] CMC::computeControls, t = 1.055
[2025-03-22 10:18:21.242] [info] CMC::computeControls, t = 1.056
[2025-03-22 10:18:21.247] [info] CMC::computeControls, t = 1.057
[2025-03-22 10:18:21.252] [info] CMC::computeControls, t = 1.058
[2025-03-22 10:18:21.257] [info] CMC::computeControls, t = 1.059
[2025-03-22 10:18:21.262] [info] CMC::computeControls, t = 1.06
[2025-03-22 10:18:21.267] [info] CMC::computeControls, t = 1.061
[2025-03-22 10:18:21.272] [info] CMC::computeControls, t = 1.062
[2025-03-22 10:18:21.276] [info] CMC::computeControls, t = 1.063
[2025-03-22 10:18:21.281] [info] CMC::computeControls, t = 1.064
[2025-03-22 10:18:21.286] [info] CMC::computeControls, t = 1.065
[2025-03-22 10:18:21.291] [info] CMC::computeControls, t = 1.066
[2025-03-22 10:18:21.296] [info] CMC::computeControls, t = 1.067
[2025-03-22 10:18:21.301] [info] CMC::computeControls, t = 1.068
[2025-03-22 10:18:21.306] [info] CMC::computeControls, t = 1.069
[2025-03-22 10:18:21.310] [info] CMC::computeControls, t = 1.07
[2025-03-22 10:18:21.315] [info] CMC::computeControls, t = 1.071
[2025-03-22 10:18:21.320] [info] CMC::computeControls, t = 1.072
[2025-03-22 10:18:21.325] [info] CMC::computeControls, t = 1.073
[2025-03-22 10:18:21.330] [info] CMC::computeControls, t = 1.074
[2025-03-22 10:18:21.335] [info] CMC::computeControls, t = 1.075
[2025-03-22 10:18:21.339] [info] CMC::computeControls, t = 1.076
[2025-03-22 10:18:21.345] [info] CMC::computeControls, t = 1.077
[2025-03-22 10:18:21.350] [info] CMC::computeControls, t = 1.078
[2025-03-22 10:18:21.354] [info] CMC::computeControls, t = 1.079
[2025-03-22 10:18:21.359] [info] CMC::computeControls, t = 1.08
[2025-03-22 10:18:21.364] [info] CMC::computeControls, t = 1.081
[2025-03-22 10:18:21.370] [info] CMC::computeControls, t = 1.082
[2025-03-22 10:18:21.375] [info] CMC::computeControls, t = 1.083
[2025-03-22 10:18:21.379] [info] CMC::computeControls, t = 1.084
[2025-03-22 10:18:21.384] [info] CMC::computeControls, t = 1.085
[2025-03-22 10:18:21.389] [info] CMC::computeControls, t = 1.086
[2025-03-22 10:18:21.394] [info] CMC::computeControls, t = 1.087
[2025-03-22 10:18:21.399] [info] CMC::computeControls, t = 1.088
[2025-03-22 10:18:21.404] [info] CMC::computeControls, t = 1.089
[2025-03-22 10:18:21.409] [info] CMC::computeControls, t = 1.09
[2025-03-22 10:18:21.413] [info] CMC::computeControls, t = 1.091
[2025-03-22 10:18:21.418] [info] CMC::computeControls, t = 1.092
[2025-03-22 10:18:21.423] [info] CMC::computeControls, t = 1.093
[2025-03-22 10:18:21.428] [info] CMC::computeControls, t = 1.094
[2025-03-22 10:18:21.432] [info] CMC::computeControls, t = 1.095
[2025-03-22 10:18:21.437] [info] CMC::computeControls, t = 1.096
[2025-03-22 10:18:21.442] [info] CMC::computeControls, t = 1.097
[2025-03-22 10:18:21.447] [info] CMC::computeControls, t = 1.098
[2025-03-22 10:18:21.452] [info] CMC::computeControls, t = 1.099
[2025-03-22 10:18:21.457] [info] CMC::computeControls, t = 1.1
[2025-03-22 10:18:21.462] [info] CMC::computeControls, t = 1.10100
[2025-03-22 10:18:21.468] [info] CMC::computeControls, t = 1.10200
[2025-03-22 10:18:21.473] [info] CMC::computeControls, t = 1.10300
[2025-03-22 10:18:21.477] [info] CMC::computeControls, t = 1.10400
[2025-03-22 10:18:21.482] [info] CMC::computeControls, t = 1.10500
[2025-03-22 10:18:21.487] [info] CMC::computeControls, t = 1.10600
[2025-03-22 10:18:21.492] [info] CMC::computeControls, t = 1.10700
[2025-03-22 10:18:21.496] [info] CMC::computeControls, t = 1.10800
[2025-03-22 10:18:21.502] [info] CMC::computeControls, t = 1.10900
[2025-03-22 10:18:21.507] [info] CMC::computeControls, t = 1.11
[2025-03-22 10:18:21.511] [info] CMC::computeControls, t = 1.111
[2025-03-22 10:18:21.516] [info] CMC::computeControls, t = 1.112
[2025-03-22 10:18:21.521] [info] CMC::computeControls, t = 1.113
[2025-03-22 10:18:21.526] [info] CMC::computeControls, t = 1.114
[2025-03-22 10:18:21.531] [info] CMC::computeControls, t = 1.115
[2025-03-22 10:18:21.536] [info] CMC::computeControls, t = 1.116
[2025-03-22 10:18:21.541] [info] CMC::computeControls, t = 1.117
[2025-03-22 10:18:21.545] [info] CMC::computeControls, t = 1.118
[2025-03-22 10:18:21.551] [info] CMC::computeControls, t = 1.119
[2025-03-22 10:18:21.556] [info] CMC::computeControls, t = 1.12
[2025-03-22 10:18:21.560] [info] CMC::computeControls, t = 1.121
[2025-03-22 10:18:21.566] [info] CMC::computeControls, t = 1.122
[2025-03-22 10:18:21.571] [info] CMC::computeControls, t = 1.123
[2025-03-22 10:18:21.575] [info] CMC::computeControls, t = 1.124
[2025-03-22 10:18:21.580] [info] CMC::computeControls, t = 1.125
[2025-03-22 10:18:21.585] [info] CMC::computeControls, t = 1.126
[2025-03-22 10:18:21.590] [info] CMC::computeControls, t = 1.127
[2025-03-22 10:18:21.595] [info] CMC::computeControls, t = 1.128
[2025-03-22 10:18:21.600] [info] CMC::computeControls, t = 1.129
[2025-03-22 10:18:21.605] [info] CMC::computeControls, t = 1.13
[2025-03-22 10:18:21.609] [info] CMC::computeControls, t = 1.131
[2025-03-22 10:18:21.614] [info] CMC::computeControls, t = 1.132
[2025-03-22 10:18:21.619] [info] CMC::computeControls, t = 1.133
[2025-03-22 10:18:21.624] [info] CMC::computeControls, t = 1.134
[2025-03-22 10:18:21.629] [info] CMC::computeControls, t = 1.135
[2025-03-22 10:18:21.633] [info] CMC::computeControls, t = 1.136
[2025-03-22 10:18:21.638] [info] CMC::computeControls, t = 1.137
[2025-03-22 10:18:21.643] [info] CMC::computeControls, t = 1.138
[2025-03-22 10:18:21.648] [info] CMC::computeControls, t = 1.139
[2025-03-22 10:18:21.652] [info] CMC::computeControls, t = 1.14
[2025-03-22 10:18:21.657] [info] CMC::computeControls, t = 1.141
[2025-03-22 10:18:21.662] [info] CMC::computeControls, t = 1.142
[2025-03-22 10:18:21.667] [info] CMC::computeControls, t = 1.143
[2025-03-22 10:18:21.672] [info] CMC::computeControls, t = 1.144
[2025-03-22 10:18:21.677] [info] CMC::computeControls, t = 1.145
[2025-03-22 10:18:21.682] [info] CMC::computeControls, t = 1.146
[2025-03-22 10:18:21.687] [info] CMC::computeControls, t = 1.147
[2025-03-22 10:18:21.692] [info] CMC::computeControls, t = 1.148
[2025-03-22 10:18:21.697] [info] CMC::computeControls, t = 1.149
[2025-03-22 10:18:21.702] [info] CMC::computeControls, t = 1.15
[2025-03-22 10:18:21.706] [info] CMC::computeControls, t = 1.151
[2025-03-22 10:18:21.711] [info] CMC::computeControls, t = 1.152
[2025-03-22 10:18:21.716] [info] CMC::computeControls, t = 1.153
[2025-03-22 10:18:21.721] [info] CMC::computeControls, t = 1.154
[2025-03-22 10:18:21.726] [info] CMC::computeControls, t = 1.155
[2025-03-22 10:18:21.730] [info] CMC::computeControls, t = 1.156
[2025-03-22 10:18:21.735] [info] CMC::computeControls, t = 1.157
[2025-03-22 10:18:21.740] [info] CMC::computeControls, t = 1.158
[2025-03-22 10:18:21.745] [info] CMC::computeControls, t = 1.159
[2025-03-22 10:18:21.749] [info] CMC::computeControls, t = 1.16
[2025-03-22 10:18:21.754] [info] CMC::computeControls, t = 1.161
[2025-03-22 10:18:21.759] [info] CMC::computeControls, t = 1.162
[2025-03-22 10:18:21.764] [info] CMC::computeControls, t = 1.163
[2025-03-22 10:18:21.769] [info] CMC::computeControls, t = 1.164
[2025-03-22 10:18:21.774] [info] CMC::computeControls, t = 1.165
[2025-03-22 10:18:21.778] [info] CMC::computeControls, t = 1.166
[2025-03-22 10:18:21.783] [info] CMC::computeControls, t = 1.167
[2025-03-22 10:18:21.788] [info] CMC::computeControls, t = 1.168
[2025-03-22 10:18:21.793] [info] CMC::computeControls, t = 1.169
[2025-03-22 10:18:21.798] [info] CMC::computeControls, t = 1.17
[2025-03-22 10:18:21.803] [info] CMC::computeControls, t = 1.171
[2025-03-22 10:18:21.808] [info] CMC::computeControls, t = 1.172
[2025-03-22 10:18:21.813] [info] CMC::computeControls, t = 1.173
[2025-03-22 10:18:21.818] [info] CMC::computeControls, t = 1.174
[2025-03-22 10:18:21.822] [info] CMC::computeControls, t = 1.175
[2025-03-22 10:18:21.827] [info] CMC::computeControls, t = 1.176
[2025-03-22 10:18:21.832] [info] CMC::computeControls, t = 1.177
[2025-03-22 10:18:21.837] [info] CMC::computeControls, t = 1.178
[2025-03-22 10:18:21.842] [info] CMC::computeControls, t = 1.179
[2025-03-22 10:18:21.847] [info] CMC::computeControls, t = 1.18
[2025-03-22 10:18:21.852] [info] CMC::computeControls, t = 1.181
[2025-03-22 10:18:21.857] [info] CMC::computeControls, t = 1.182
[2025-03-22 10:18:21.861] [info] CMC::computeControls, t = 1.183
[2025-03-22 10:18:21.866] [info] CMC::computeControls, t = 1.184
[2025-03-22 10:18:21.871] [info] CMC::computeControls, t = 1.185
[2025-03-22 10:18:21.876] [info] CMC::computeControls, t = 1.186
[2025-03-22 10:18:21.881] [info] CMC::computeControls, t = 1.187
[2025-03-22 10:18:21.886] [info] CMC::computeControls, t = 1.188
[2025-03-22 10:18:21.891] [info] CMC::computeControls, t = 1.189
[2025-03-22 10:18:21.896] [info] CMC::computeControls, t = 1.19
[2025-03-22 10:18:21.900] [info] CMC::computeControls, t = 1.191
[2025-03-22 10:18:21.905] [info] CMC::computeControls, t = 1.192
[2025-03-22 10:18:21.910] [info] CMC::computeControls, t = 1.193
[2025-03-22 10:18:21.915] [info] CMC::computeControls, t = 1.194
[2025-03-22 10:18:21.920] [info] CMC::computeControls, t = 1.195
[2025-03-22 10:18:21.925] [info] CMC::computeControls, t = 1.196
[2025-03-22 10:18:21.931] [info] CMC::computeControls, t = 1.197
[2025-03-22 10:18:21.935] [info] CMC::computeControls, t = 1.198
[2025-03-22 10:18:21.940] [info] CMC::computeControls, t = 1.199
[2025-03-22 10:18:21.945] [info] CMC::computeControls, t = 1.2
[2025-03-22 10:18:21.950] [info] CMC::computeControls, t = 1.20100
[2025-03-22 10:18:21.954] [info] CMC::computeControls, t = 1.20200
[2025-03-22 10:18:21.959] [info] CMC::computeControls, t = 1.20300
[2025-03-22 10:18:21.964] [info] CMC::computeControls, t = 1.20400
[2025-03-22 10:18:21.969] [info] CMC::computeControls, t = 1.20500
[2025-03-22 10:18:21.975] [info] CMC::computeControls, t = 1.20600
[2025-03-22 10:18:21.980] [info] CMC::computeControls, t = 1.20700
[2025-03-22 10:18:21.984] [info] CMC::computeControls, t = 1.20800
[2025-03-22 10:18:21.989] [info] CMC::computeControls, t = 1.20900
[2025-03-22 10:18:21.994] [info] CMC::computeControls, t = 1.21
[2025-03-22 10:18:21.999] [info] CMC::computeControls, t = 1.211
[2025-03-22 10:18:22.004] [info] CMC::computeControls, t = 1.212
[2025-03-22 10:18:22.009] [info] CMC::computeControls, t = 1.213
[2025-03-22 10:18:22.014] [info] CMC::computeControls, t = 1.214
[2025-03-22 10:18:22.018] [info] CMC::computeControls, t = 1.215
[2025-03-22 10:18:22.023] [info] CMC::computeControls, t = 1.216
[2025-03-22 10:18:22.028] [info] CMC::computeControls, t = 1.217
[2025-03-22 10:18:22.033] [info] CMC::computeControls, t = 1.218
[2025-03-22 10:18:22.038] [info] CMC::computeControls, t = 1.219
[2025-03-22 10:18:22.042] [info] CMC::computeControls, t = 1.22
[2025-03-22 10:18:22.047] [info] CMC::computeControls, t = 1.221
[2025-03-22 10:18:22.053] [info] CMC::computeControls, t = 1.222
[2025-03-22 10:18:22.057] [info] CMC::computeControls, t = 1.223
[2025-03-22 10:18:22.062] [info] CMC::computeControls, t = 1.224
[2025-03-22 10:18:22.067] [info] CMC::computeControls, t = 1.225
[2025-03-22 10:18:22.072] [info] CMC::computeControls, t = 1.226
[2025-03-22 10:18:22.077] [info] CMC::computeControls, t = 1.227
[2025-03-22 10:18:22.082] [info] CMC::computeControls, t = 1.228
[2025-03-22 10:18:22.087] [info] CMC::computeControls, t = 1.229
[2025-03-22 10:18:22.092] [info] CMC::computeControls, t = 1.23
[2025-03-22 10:18:22.097] [info] CMC::computeControls, t = 1.231
[2025-03-22 10:18:22.102] [info] CMC::computeControls, t = 1.232
[2025-03-22 10:18:22.106] [info] CMC::computeControls, t = 1.233
[2025-03-22 10:18:22.111] [info] CMC::computeControls, t = 1.234
[2025-03-22 10:18:22.116] [info] CMC::computeControls, t = 1.235
[2025-03-22 10:18:22.121] [info] CMC::computeControls, t = 1.236
[2025-03-22 10:18:22.126] [info] CMC::computeControls, t = 1.237
[2025-03-22 10:18:22.130] [info] CMC::computeControls, t = 1.238
[2025-03-22 10:18:22.135] [info] CMC::computeControls, t = 1.239
[2025-03-22 10:18:22.140] [info] CMC::computeControls, t = 1.24
[2025-03-22 10:18:22.145] [info] CMC::computeControls, t = 1.241
[2025-03-22 10:18:22.150] [info] CMC::computeControls, t = 1.242
[2025-03-22 10:18:22.155] [info] CMC::computeControls, t = 1.243
[2025-03-22 10:18:22.160] [info] CMC::computeControls, t = 1.244
[2025-03-22 10:18:22.165] [info] CMC::computeControls, t = 1.245
[2025-03-22 10:18:22.170] [info] CMC::computeControls, t = 1.246
[2025-03-22 10:18:22.175] [info] CMC::computeControls, t = 1.247
[2025-03-22 10:18:22.180] [info] CMC::computeControls, t = 1.248
[2025-03-22 10:18:22.185] [info] CMC::computeControls, t = 1.249
[2025-03-22 10:18:22.190] [info] CMC::computeControls, t = 1.25
[2025-03-22 10:18:22.194] [info] CMC::computeControls, t = 1.251
[2025-03-22 10:18:22.199] [info] CMC::computeControls, t = 1.252
[2025-03-22 10:18:22.204] [info] CMC::computeControls, t = 1.253
[2025-03-22 10:18:22.209] [info] CMC::computeControls, t = 1.254
[2025-03-22 10:18:22.214] [info] CMC::computeControls, t = 1.255
[2025-03-22 10:18:22.219] [info] CMC::computeControls, t = 1.256
[2025-03-22 10:18:22.224] [info] CMC::computeControls, t = 1.257
[2025-03-22 10:18:22.229] [info] CMC::computeControls, t = 1.258
[2025-03-22 10:18:22.234] [info] CMC::computeControls, t = 1.259
[2025-03-22 10:18:22.238] [info] CMC::computeControls, t = 1.26
[2025-03-22 10:18:22.244] [info] CMC::computeControls, t = 1.261
[2025-03-22 10:18:22.249] [info] CMC::computeControls, t = 1.262
[2025-03-22 10:18:22.253] [info] CMC::computeControls, t = 1.263
[2025-03-22 10:18:22.258] [info] CMC::computeControls, t = 1.264
[2025-03-22 10:18:22.263] [info] CMC::computeControls, t = 1.265
[2025-03-22 10:18:22.268] [info] CMC::computeControls, t = 1.266
[2025-03-22 10:18:22.272] [info] CMC::computeControls, t = 1.267
[2025-03-22 10:18:22.278] [info] CMC::computeControls, t = 1.268
[2025-03-22 10:18:22.283] [info] CMC::computeControls, t = 1.269
[2025-03-22 10:18:22.287] [info] CMC::computeControls, t = 1.27
[2025-03-22 10:18:22.292] [info] CMC::computeControls, t = 1.271
[2025-03-22 10:18:22.297] [info] CMC::computeControls, t = 1.272
[2025-03-22 10:18:22.302] [info] CMC::computeControls, t = 1.273
[2025-03-22 10:18:22.308] [info] CMC::computeControls, t = 1.274
[2025-03-22 10:18:22.312] [info] CMC::computeControls, t = 1.275
[2025-03-22 10:18:22.317] [info] CMC::computeControls, t = 1.276
[2025-03-22 10:18:22.322] [info] CMC::computeControls, t = 1.277
[2025-03-22 10:18:22.327] [info] CMC::computeControls, t = 1.278
[2025-03-22 10:18:22.332] [info] CMC::computeControls, t = 1.279
[2025-03-22 10:18:22.337] [info] CMC::computeControls, t = 1.28
[2025-03-22 10:18:22.342] [info] CMC::computeControls, t = 1.281
[2025-03-22 10:18:22.347] [info] CMC::computeControls, t = 1.282
[2025-03-22 10:18:22.351] [info] CMC::computeControls, t = 1.283
[2025-03-22 10:18:22.357] [info] CMC::computeControls, t = 1.284
[2025-03-22 10:18:22.361] [info] CMC::computeControls, t = 1.285
[2025-03-22 10:18:22.366] [info] CMC::computeControls, t = 1.286
[2025-03-22 10:18:22.371] [info] CMC::computeControls, t = 1.287
[2025-03-22 10:18:22.376] [info] CMC::computeControls, t = 1.288
[2025-03-22 10:18:22.381] [info] CMC::computeControls, t = 1.289
[2025-03-22 10:18:22.386] [info] CMC::computeControls, t = 1.29
[2025-03-22 10:18:22.391] [info] CMC::computeControls, t = 1.291
[2025-03-22 10:18:22.396] [info] CMC::computeControls, t = 1.292
[2025-03-22 10:18:22.402] [info] CMC::computeControls, t = 1.293
[2025-03-22 10:18:22.407] [info] CMC::computeControls, t = 1.294
[2025-03-22 10:18:22.412] [info] CMC::computeControls, t = 1.295
[2025-03-22 10:18:22.417] [info] CMC::computeControls, t = 1.296
[2025-03-22 10:18:22.423] [info] CMC::computeControls, t = 1.297
[2025-03-22 10:18:22.428] [info] CMC::computeControls, t = 1.298
[2025-03-22 10:18:22.433] [info] CMC::computeControls, t = 1.299
[2025-03-22 10:18:22.438] [info] -------------------------------------------
[2025-03-22 10:18:22.438] [info] Finished tracking the specified kinematics:
[2025-03-22 10:18:22.438] [info] -------------------------------------------
[2025-03-22 10:18:22.438] [info]  -- Start time = Sat Mar 22 10:18:19 2025
[2025-03-22 10:18:22.438] [info]  -- Finish time = Sat Mar 22 10:18:22 2025
[2025-03-22 10:18:22.438] [info]  -- Elapsed time = 3.0 seconds.
[2025-03-22 10:18:22.438] [info] -------------------------------------------
[2025-03-22 10:18:22.438] [info] 
[2025-03-22 10:18:22.438] [info] Printing results of investigation subject to D:\Documents\Work\RRA\Residual_Reduction_Algorithm\file_result
[2025-03-22 10:18:22.551] [info] 

************************************************************
*      Summary of Mass Adjustments to Reduce Residuals     *
************************************************************
* Body adjusted: torso
* Mass Center (COM) adjustment: dx =0.1, dz =0.1
* New COM location: ~[-0.132344,0.345001,-0.1]
************************************************************
* Recommended mass adjustments:                             
*  Total mass change: 18.9446
*  pelvis: orig mass = 8.57055, new mass = 11.5388
*  femur_r: orig mass = 6.76897, new mass = 9.11331
*  tibia_r: orig mass = 2.69808, new mass = 3.63253
*  talus_r: orig mass = 0.0727736, new mass = 0.0979778
*  calcn_r: orig mass = 0.90967, new mass = 1.22472
*  toes_r: orig mass = 0.157628, new mass = 0.21222
*  femur_l: orig mass = 6.76897, new mass = 9.11331
*  tibia_l: orig mass = 2.69808, new mass = 3.63253
*  talus_l: orig mass = 0.0727736, new mass = 0.0979778
*  calcn_l: orig mass = 0.90967, new mass = 1.22472
*  toes_l: orig mass = 0.157628, new mass = 0.21222
*  torso: orig mass = 24.9152, new mass = 33.5443
************************************************************
* Note: Edit the model to make recommended adjustments to  *
*       mass properties.                                   *
************************************************************

* Average residuals before adjusting torso COM:
*  FX=13.8297 FY=-185.783 FZ=5.09566
*  MX=-150.536 MY=-22.6687 MZ=110.811
************************************************************
* Average residuals after adjusting torso COM:
*  FX=2.9359 FY=-200.878 FZ=5.89905
*  MX=-109.601 MY=-18.9333 MZ=86.2591
************************************************************


[2025-03-22 10:18:22.551] [info] 
************************************************************
*                   Final Average Residuals                *
************************************************************
* After torso COM and Kinematics adjustments:
*  FX=3.27214 FY=-201.114 FZ=5.90535
*  MX=-109.582 MY=-18.9846 MZ=86.1418
************************************************************


